{"D:\\Git_Repositories\\CapStoneProject_Devops\\src\\App.js": {"path":"D:\\Git_Repositories\\CapStoneProject_Devops\\src\\App.js","statementMap":{"0":{"start":{"line":1,"column":13},"end":{"line":1,"column":75}},"1":{"start":{"line":1,"column":94},"end":{"line":1,"column":153}},"2":{"start":{"line":10,"column":13},"end":{"line":10,"column":29}},"3":{"start":{"line":10,"column":44},"end":{"line":10,"column":74}},"4":{"start":{"line":10,"column":75},"end":{"line":10,"column":96}},"5":{"start":{"line":10,"column":96},"end":{"line":10,"column":140}},"6":{"start":{"line":11,"column":22},"end":{"line":11,"column":49}},"7":{"start":{"line":13,"column":12},"end":{"line":13,"column":40}},"8":{"start":{"line":13,"column":54},"end":{"line":13,"column":83}},"9":{"start":{"line":14,"column":13},"end":{"line":14,"column":42}},"10":{"start":{"line":14,"column":57},"end":{"line":14,"column":87}},"11":{"start":{"line":15,"column":21},"end":{"line":15,"column":58}},"12":{"start":{"line":15,"column":81},"end":{"line":15,"column":119}},"13":{"start":{"line":16,"column":18},"end":{"line":16,"column":52}},"14":{"start":{"line":16,"column":72},"end":{"line":16,"column":107}},"15":{"start":{"line":17,"column":19},"end":{"line":17,"column":54}},"16":{"start":{"line":17,"column":75},"end":{"line":17,"column":111}},"17":{"start":{"line":18,"column":17},"end":{"line":18,"column":50}},"18":{"start":{"line":18,"column":69},"end":{"line":18,"column":103}},"19":{"start":{"line":19,"column":18},"end":{"line":19,"column":52}},"20":{"start":{"line":19,"column":72},"end":{"line":19,"column":107}},"21":{"start":{"line":20,"column":20},"end":{"line":20,"column":56}},"22":{"start":{"line":20,"column":78},"end":{"line":20,"column":115}},"23":{"start":{"line":21,"column":21},"end":{"line":21,"column":58}},"24":{"start":{"line":21,"column":81},"end":{"line":21,"column":119}},"25":{"start":{"line":22,"column":21},"end":{"line":22,"column":58}},"26":{"start":{"line":22,"column":81},"end":{"line":22,"column":119}},"27":{"start":{"line":22,"column":158},"end":{"line":22,"column":212}},"28":{"start":{"line":26,"column":2},"end":{"line":53,"column":195}},"29":{"start":{"line":60,"column":3},"end":{"line":63,"column":4}}},"fnMap":{"0":{"name":"_interopRequireDefault","decl":{"start":{"line":22,"column":129},"end":{"line":22,"column":151}},"loc":{"start":{"line":22,"column":157},"end":{"line":22,"column":213}},"line":22},"1":{"name":"(anonymous_1)","decl":{"start":{"line":25,"column":1},"end":{"line":25,"column":2}},"loc":{"start":{"line":25,"column":10},"end":{"line":60,"column":2}},"line":25}},"branchMap":{"0":{"loc":{"start":{"line":22,"column":165},"end":{"line":22,"column":211}},"type":"cond-expr","locations":[{"start":{"line":22,"column":189},"end":{"line":22,"column":192}},{"start":{"line":22,"column":195},"end":{"line":22,"column":211}}],"line":22},"1":{"loc":{"start":{"line":22,"column":165},"end":{"line":22,"column":186}},"type":"binary-expr","locations":[{"start":{"line":22,"column":165},"end":{"line":22,"column":168}},{"start":{"line":22,"column":172},"end":{"line":22,"column":186}}],"line":22}},"s":{"0":0,"1":0,"2":0,"3":0,"4":0,"5":0,"6":0,"7":0,"8":0,"9":0,"10":0,"11":0,"12":0,"13":0,"14":0,"15":0,"16":0,"17":0,"18":0,"19":0,"20":0,"21":0,"22":0,"23":0,"24":0,"25":0,"26":0,"27":0,"28":0,"29":0},"f":{"0":0,"1":0},"b":{"0":[0,0],"1":[0,0]}}
,"D:\\Git_Repositories\\CapStoneProject_Devops\\src\\index.js": {"path":"D:\\Git_Repositories\\CapStoneProject_Devops\\src\\index.js","statementMap":{"0":{"start":{"line":1,"column":32},"end":{"line":1,"column":93}},"1":{"start":{"line":2,"column":13},"end":{"line":2,"column":29}},"2":{"start":{"line":2,"column":44},"end":{"line":2,"column":74}},"3":{"start":{"line":3,"column":16},"end":{"line":3,"column":36}},"4":{"start":{"line":3,"column":54},"end":{"line":3,"column":87}},"5":{"start":{"line":4,"column":0},"end":{"line":4,"column":23}},"6":{"start":{"line":5,"column":11},"end":{"line":5,"column":27}},"7":{"start":{"line":5,"column":40},"end":{"line":5,"column":68}},"8":{"start":{"line":5,"column":107},"end":{"line":5,"column":161}},"9":{"start":{"line":9,"column":0},"end":{"line":9,"column":181}}},"fnMap":{"0":{"name":"_interopRequireDefault","decl":{"start":{"line":5,"column":78},"end":{"line":5,"column":100}},"loc":{"start":{"line":5,"column":106},"end":{"line":5,"column":162}},"line":5}},"branchMap":{"0":{"loc":{"start":{"line":5,"column":114},"end":{"line":5,"column":160}},"type":"cond-expr","locations":[{"start":{"line":5,"column":138},"end":{"line":5,"column":141}},{"start":{"line":5,"column":144},"end":{"line":5,"column":160}}],"line":5},"1":{"loc":{"start":{"line":5,"column":114},"end":{"line":5,"column":135}},"type":"binary-expr","locations":[{"start":{"line":5,"column":114},"end":{"line":5,"column":117}},{"start":{"line":5,"column":121},"end":{"line":5,"column":135}}],"line":5}},"s":{"0":0,"1":0,"2":0,"3":0,"4":0,"5":0,"6":0,"7":0,"8":0,"9":0},"f":{"0":0},"b":{"0":[0,0],"1":[0,0]}}
,"D:\\Git_Repositories\\CapStoneProject_Devops\\src\\components\\CoursesRow.js": {"path":"D:\\Git_Repositories\\CapStoneProject_Devops\\src\\components\\CoursesRow.js","statementMap":{"0":{"start":{"line":5,"column":29},"end":{"line":46,"column":1}},"1":{"start":{"line":7,"column":2},"end":{"line":7,"column":43}},"2":{"start":{"line":10,"column":2},"end":{"line":45,"column":4}},"3":{"start":{"line":48,"column":32},"end":{"line":104,"column":1}},"4":{"start":{"line":50,"column":2},"end":{"line":50,"column":43}},"5":{"start":{"line":53,"column":2},"end":{"line":103,"column":4}},"6":{"start":{"line":106,"column":32},"end":{"line":149,"column":1}},"7":{"start":{"line":108,"column":2},"end":{"line":108,"column":43}},"8":{"start":{"line":111,"column":2},"end":{"line":148,"column":4}}},"fnMap":{"0":{"name":"(anonymous_0)","decl":{"start":{"line":6,"column":1},"end":{"line":6,"column":2}},"loc":{"start":{"line":6,"column":14},"end":{"line":8,"column":2}},"line":6},"1":{"name":"(anonymous_1)","decl":{"start":{"line":9,"column":1},"end":{"line":9,"column":2}},"loc":{"start":{"line":9,"column":10},"end":{"line":45,"column":5}},"line":9},"2":{"name":"(anonymous_2)","decl":{"start":{"line":49,"column":1},"end":{"line":49,"column":2}},"loc":{"start":{"line":49,"column":14},"end":{"line":51,"column":2}},"line":49},"3":{"name":"(anonymous_3)","decl":{"start":{"line":52,"column":1},"end":{"line":52,"column":2}},"loc":{"start":{"line":52,"column":10},"end":{"line":103,"column":5}},"line":52},"4":{"name":"(anonymous_4)","decl":{"start":{"line":107,"column":1},"end":{"line":107,"column":2}},"loc":{"start":{"line":107,"column":14},"end":{"line":109,"column":2}},"line":107},"5":{"name":"(anonymous_5)","decl":{"start":{"line":110,"column":1},"end":{"line":110,"column":2}},"loc":{"start":{"line":110,"column":10},"end":{"line":148,"column":5}},"line":110}},"branchMap":{},"s":{"0":6,"1":0,"2":0,"3":6,"4":0,"5":0,"6":6,"7":0,"8":0},"f":{"0":0,"1":0,"2":0,"3":0,"4":0,"5":0},"b":{},"_coverageSchema":"332fd63041d2c1bcb487cc26dd0d5f7d97098a6c","hash":"873428c7178b8353b1a58f46079808375c2081a2"}
,"D:\\Git_Repositories\\CapStoneProject_Devops\\src\\components\\CoursesTable.js": {"path":"D:\\Git_Repositories\\CapStoneProject_Devops\\src\\components\\CoursesTable.js","statementMap":{"0":{"start":{"line":5,"column":31},"end":{"line":60,"column":1}},"1":{"start":{"line":8,"column":32},"end":{"line":8,"column":66}},"2":{"start":{"line":10,"column":19},"end":{"line":10,"column":40}},"3":{"start":{"line":11,"column":15},"end":{"line":22,"column":4}},"4":{"start":{"line":12,"column":3},"end":{"line":14,"column":4}},"5":{"start":{"line":13,"column":4},"end":{"line":13,"column":17}},"6":{"start":{"line":15,"column":3},"end":{"line":21,"column":5}},"7":{"start":{"line":23,"column":2},"end":{"line":58,"column":4}},"8":{"start":{"line":62,"column":34},"end":{"line":101,"column":1}},"9":{"start":{"line":65,"column":35},"end":{"line":65,"column":72}},"10":{"start":{"line":66,"column":15},"end":{"line":66,"column":34}},"11":{"start":{"line":67,"column":22},"end":{"line":67,"column":43}},"12":{"start":{"line":68,"column":19},"end":{"line":68,"column":40}},"13":{"start":{"line":69,"column":15},"end":{"line":82,"column":4}},"14":{"start":{"line":70,"column":3},"end":{"line":72,"column":4}},"15":{"start":{"line":71,"column":4},"end":{"line":71,"column":17}},"16":{"start":{"line":73,"column":3},"end":{"line":81,"column":5}},"17":{"start":{"line":83,"column":2},"end":{"line":100,"column":4}},"18":{"start":{"line":103,"column":34},"end":{"line":144,"column":1}},"19":{"start":{"line":105,"column":2},"end":{"line":105,"column":15}},"20":{"start":{"line":107,"column":2},"end":{"line":107,"column":18}},"21":{"start":{"line":113,"column":35},"end":{"line":113,"column":72}},"22":{"start":{"line":115,"column":19},"end":{"line":115,"column":40}},"23":{"start":{"line":116,"column":15},"end":{"line":121,"column":4}},"24":{"start":{"line":117,"column":3},"end":{"line":119,"column":4}},"25":{"start":{"line":118,"column":4},"end":{"line":118,"column":11}},"26":{"start":{"line":120,"column":3},"end":{"line":120,"column":121}},"27":{"start":{"line":122,"column":2},"end":{"line":143,"column":4}}},"fnMap":{"0":{"name":"(anonymous_0)","decl":{"start":{"line":7,"column":1},"end":{"line":7,"column":2}},"loc":{"start":{"line":7,"column":10},"end":{"line":59,"column":2}},"line":7},"1":{"name":"(anonymous_1)","decl":{"start":{"line":11,"column":38},"end":{"line":11,"column":39}},"loc":{"start":{"line":11,"column":56},"end":{"line":22,"column":3}},"line":11},"2":{"name":"(anonymous_2)","decl":{"start":{"line":64,"column":1},"end":{"line":64,"column":2}},"loc":{"start":{"line":64,"column":10},"end":{"line":100,"column":5}},"line":64},"3":{"name":"(anonymous_3)","decl":{"start":{"line":69,"column":38},"end":{"line":69,"column":39}},"loc":{"start":{"line":69,"column":56},"end":{"line":82,"column":3}},"line":69},"4":{"name":"(anonymous_4)","decl":{"start":{"line":104,"column":1},"end":{"line":104,"column":2}},"loc":{"start":{"line":104,"column":20},"end":{"line":108,"column":2}},"line":104},"5":{"name":"(anonymous_5)","decl":{"start":{"line":112,"column":1},"end":{"line":112,"column":2}},"loc":{"start":{"line":112,"column":10},"end":{"line":143,"column":5}},"line":112},"6":{"name":"(anonymous_6)","decl":{"start":{"line":116,"column":38},"end":{"line":116,"column":39}},"loc":{"start":{"line":116,"column":56},"end":{"line":121,"column":3}},"line":116}},"branchMap":{"0":{"loc":{"start":{"line":12,"column":3},"end":{"line":14,"column":4}},"type":"if","locations":[{"start":{"line":12,"column":3},"end":{"line":14,"column":4}},{"start":{"line":12,"column":3},"end":{"line":14,"column":4}}],"line":12},"1":{"loc":{"start":{"line":70,"column":3},"end":{"line":72,"column":4}},"type":"if","locations":[{"start":{"line":70,"column":3},"end":{"line":72,"column":4}},{"start":{"line":70,"column":3},"end":{"line":72,"column":4}}],"line":70},"2":{"loc":{"start":{"line":117,"column":3},"end":{"line":119,"column":4}},"type":"if","locations":[{"start":{"line":117,"column":3},"end":{"line":119,"column":4}},{"start":{"line":117,"column":3},"end":{"line":119,"column":4}}],"line":117}},"s":{"0":5,"1":0,"2":0,"3":0,"4":0,"5":0,"6":0,"7":0,"8":5,"9":0,"10":0,"11":0,"12":0,"13":0,"14":0,"15":0,"16":0,"17":0,"18":5,"19":0,"20":0,"21":0,"22":0,"23":0,"24":0,"25":0,"26":0,"27":0},"f":{"0":0,"1":0,"2":0,"3":0,"4":0,"5":0,"6":0},"b":{"0":[0,0],"1":[0,0],"2":[0,0]},"_coverageSchema":"332fd63041d2c1bcb487cc26dd0d5f7d97098a6c","hash":"4256c0328792c00c52c94a43e727c85037702dbe"}
,"D:\\Git_Repositories\\CapStoneProject_Devops\\src\\components\\EditableCell.js": {"path":"D:\\Git_Repositories\\CapStoneProject_Devops\\src\\components\\EditableCell.js","statementMap":{"0":{"start":{"line":4,"column":26},"end":{"line":24,"column":1}},"1":{"start":{"line":6,"column":2},"end":{"line":23,"column":4}},"2":{"start":{"line":26,"column":29},"end":{"line":36,"column":1}},"3":{"start":{"line":28,"column":2},"end":{"line":34,"column":4}},"4":{"start":{"line":38,"column":29},"end":{"line":60,"column":1}},"5":{"start":{"line":40,"column":2},"end":{"line":58,"column":4}}},"fnMap":{"0":{"name":"(anonymous_0)","decl":{"start":{"line":5,"column":1},"end":{"line":5,"column":2}},"loc":{"start":{"line":5,"column":10},"end":{"line":23,"column":5}},"line":5},"1":{"name":"(anonymous_1)","decl":{"start":{"line":27,"column":1},"end":{"line":27,"column":2}},"loc":{"start":{"line":27,"column":10},"end":{"line":35,"column":2}},"line":27},"2":{"name":"(anonymous_2)","decl":{"start":{"line":39,"column":1},"end":{"line":39,"column":2}},"loc":{"start":{"line":39,"column":10},"end":{"line":59,"column":2}},"line":39}},"branchMap":{},"s":{"0":7,"1":0,"2":7,"3":0,"4":7,"5":0},"f":{"0":0,"1":0,"2":0},"b":{},"_coverageSchema":"332fd63041d2c1bcb487cc26dd0d5f7d97098a6c","hash":"8b2642475de90f4e74ccf751195b5cbc7c6c5d51"}
,"D:\\Git_Repositories\\CapStoneProject_Devops\\src\\components\\ManageCourses.js": {"path":"D:\\Git_Repositories\\CapStoneProject_Devops\\src\\components\\ManageCourses.js","statementMap":{"0":{"start":{"line":5,"column":27},"end":{"line":86,"column":1}},"1":{"start":{"line":8,"column":2},"end":{"line":8,"column":15}},"2":{"start":{"line":10,"column":2},"end":{"line":10,"column":18}},"3":{"start":{"line":11,"column":2},"end":{"line":11,"column":29}},"4":{"start":{"line":12,"column":2},"end":{"line":12,"column":26}},"5":{"start":{"line":15,"column":2},"end":{"line":17,"column":5}},"6":{"start":{"line":20,"column":14},"end":{"line":20,"column":48}},"7":{"start":{"line":21,"column":2},"end":{"line":21,"column":38}},"8":{"start":{"line":22,"column":2},"end":{"line":22,"column":36}},"9":{"start":{"line":26,"column":11},"end":{"line":26,"column":75}},"10":{"start":{"line":27,"column":15},"end":{"line":33,"column":3}},"11":{"start":{"line":34,"column":2},"end":{"line":34,"column":34}},"12":{"start":{"line":35,"column":2},"end":{"line":35,"column":36}},"13":{"start":{"line":41,"column":16},"end":{"line":41,"column":42}},"14":{"start":{"line":42,"column":2},"end":{"line":44,"column":3}},"15":{"start":{"line":43,"column":3},"end":{"line":43,"column":136}},"16":{"start":{"line":45,"column":2},"end":{"line":45,"column":31}},"17":{"start":{"line":48,"column":13},"end":{"line":52,"column":3}},"18":{"start":{"line":54,"column":16},"end":{"line":54,"column":42}},"19":{"start":{"line":56,"column":19},"end":{"line":64,"column":4}},"20":{"start":{"line":58,"column":3},"end":{"line":62,"column":4}},"21":{"start":{"line":59,"column":4},"end":{"line":61,"column":5}},"22":{"start":{"line":60,"column":5},"end":{"line":60,"column":30}},"23":{"start":{"line":63,"column":3},"end":{"line":63,"column":17}},"24":{"start":{"line":65,"column":2},"end":{"line":67,"column":5}},"25":{"start":{"line":70,"column":2},"end":{"line":85,"column":4}},"26":{"start":{"line":88,"column":29},"end":{"line":208,"column":1}},"27":{"start":{"line":91,"column":2},"end":{"line":91,"column":15}},"28":{"start":{"line":94,"column":2},"end":{"line":96,"column":4}},"29":{"start":{"line":97,"column":2},"end":{"line":97,"column":29}},"30":{"start":{"line":98,"column":2},"end":{"line":141,"column":4}},"31":{"start":{"line":145,"column":2},"end":{"line":147,"column":5}},"32":{"start":{"line":150,"column":14},"end":{"line":150,"column":48}},"33":{"start":{"line":151,"column":2},"end":{"line":151,"column":38}},"34":{"start":{"line":152,"column":2},"end":{"line":152,"column":36}},"35":{"start":{"line":153,"column":2},"end":{"line":153,"column":35}},"36":{"start":{"line":154,"column":2},"end":{"line":154,"column":34}},"37":{"start":{"line":158,"column":11},"end":{"line":158,"column":75}},"38":{"start":{"line":159,"column":15},"end":{"line":165,"column":3}},"39":{"start":{"line":166,"column":2},"end":{"line":166,"column":34}},"40":{"start":{"line":167,"column":2},"end":{"line":167,"column":36}},"41":{"start":{"line":172,"column":13},"end":{"line":176,"column":3}},"42":{"start":{"line":177,"column":16},"end":{"line":177,"column":42}},"43":{"start":{"line":178,"column":19},"end":{"line":186,"column":4}},"44":{"start":{"line":180,"column":3},"end":{"line":184,"column":4}},"45":{"start":{"line":181,"column":4},"end":{"line":183,"column":5}},"46":{"start":{"line":182,"column":5},"end":{"line":182,"column":30}},"47":{"start":{"line":185,"column":3},"end":{"line":185,"column":17}},"48":{"start":{"line":187,"column":2},"end":{"line":189,"column":5}},"49":{"start":{"line":192,"column":2},"end":{"line":207,"column":4}},"50":{"start":{"line":210,"column":29},"end":{"line":327,"column":1}},"51":{"start":{"line":213,"column":2},"end":{"line":213,"column":15}},"52":{"start":{"line":216,"column":2},"end":{"line":216,"column":18}},"53":{"start":{"line":217,"column":2},"end":{"line":217,"column":29}},"54":{"start":{"line":218,"column":2},"end":{"line":261,"column":4}},"55":{"start":{"line":265,"column":2},"end":{"line":267,"column":5}},"56":{"start":{"line":270,"column":14},"end":{"line":270,"column":48}},"57":{"start":{"line":271,"column":2},"end":{"line":271,"column":38}},"58":{"start":{"line":272,"column":2},"end":{"line":272,"column":36}},"59":{"start":{"line":276,"column":11},"end":{"line":276,"column":75}},"60":{"start":{"line":277,"column":15},"end":{"line":283,"column":3}},"61":{"start":{"line":284,"column":2},"end":{"line":284,"column":34}},"62":{"start":{"line":285,"column":2},"end":{"line":285,"column":36}},"63":{"start":{"line":289,"column":13},"end":{"line":293,"column":3}},"64":{"start":{"line":294,"column":16},"end":{"line":294,"column":42}},"65":{"start":{"line":295,"column":19},"end":{"line":302,"column":4}},"66":{"start":{"line":296,"column":3},"end":{"line":300,"column":4}},"67":{"start":{"line":297,"column":4},"end":{"line":299,"column":5}},"68":{"start":{"line":298,"column":5},"end":{"line":298,"column":30}},"69":{"start":{"line":301,"column":3},"end":{"line":301,"column":17}},"70":{"start":{"line":303,"column":2},"end":{"line":303,"column":38}},"71":{"start":{"line":308,"column":2},"end":{"line":308,"column":33}},"72":{"start":{"line":311,"column":2},"end":{"line":326,"column":4}}},"fnMap":{"0":{"name":"(anonymous_0)","decl":{"start":{"line":7,"column":1},"end":{"line":7,"column":2}},"loc":{"start":{"line":7,"column":20},"end":{"line":13,"column":2}},"line":7},"1":{"name":"(anonymous_1)","decl":{"start":{"line":14,"column":1},"end":{"line":14,"column":2}},"loc":{"start":{"line":14,"column":29},"end":{"line":18,"column":2}},"line":14},"2":{"name":"(anonymous_2)","decl":{"start":{"line":19,"column":1},"end":{"line":19,"column":2}},"loc":{"start":{"line":19,"column":22},"end":{"line":23,"column":2}},"line":19},"3":{"name":"(anonymous_3)","decl":{"start":{"line":25,"column":1},"end":{"line":25,"column":2}},"loc":{"start":{"line":25,"column":18},"end":{"line":36,"column":2}},"line":25},"4":{"name":"(anonymous_4)","decl":{"start":{"line":38,"column":1},"end":{"line":38,"column":2}},"loc":{"start":{"line":38,"column":14},"end":{"line":46,"column":2}},"line":38},"5":{"name":"(anonymous_5)","decl":{"start":{"line":47,"column":1},"end":{"line":47,"column":2}},"loc":{"start":{"line":47,"column":28},"end":{"line":68,"column":2}},"line":47},"6":{"name":"(anonymous_6)","decl":{"start":{"line":56,"column":31},"end":{"line":56,"column":32}},"loc":{"start":{"line":56,"column":49},"end":{"line":64,"column":3}},"line":56},"7":{"name":"(anonymous_7)","decl":{"start":{"line":69,"column":1},"end":{"line":69,"column":2}},"loc":{"start":{"line":69,"column":10},"end":{"line":85,"column":5}},"line":69},"8":{"name":"(anonymous_8)","decl":{"start":{"line":90,"column":1},"end":{"line":90,"column":2}},"loc":{"start":{"line":90,"column":20},"end":{"line":143,"column":2}},"line":90},"9":{"name":"(anonymous_9)","decl":{"start":{"line":144,"column":1},"end":{"line":144,"column":2}},"loc":{"start":{"line":144,"column":29},"end":{"line":148,"column":2}},"line":144},"10":{"name":"(anonymous_10)","decl":{"start":{"line":149,"column":1},"end":{"line":149,"column":2}},"loc":{"start":{"line":149,"column":22},"end":{"line":155,"column":2}},"line":149},"11":{"name":"(anonymous_11)","decl":{"start":{"line":157,"column":1},"end":{"line":157,"column":2}},"loc":{"start":{"line":157,"column":18},"end":{"line":169,"column":2}},"line":157},"12":{"name":"(anonymous_12)","decl":{"start":{"line":171,"column":1},"end":{"line":171,"column":2}},"loc":{"start":{"line":171,"column":31},"end":{"line":190,"column":2}},"line":171},"13":{"name":"(anonymous_13)","decl":{"start":{"line":178,"column":31},"end":{"line":178,"column":32}},"loc":{"start":{"line":178,"column":49},"end":{"line":186,"column":3}},"line":178},"14":{"name":"(anonymous_14)","decl":{"start":{"line":191,"column":1},"end":{"line":191,"column":2}},"loc":{"start":{"line":191,"column":10},"end":{"line":207,"column":5}},"line":191},"15":{"name":"(anonymous_15)","decl":{"start":{"line":212,"column":1},"end":{"line":212,"column":2}},"loc":{"start":{"line":212,"column":20},"end":{"line":263,"column":2}},"line":212},"16":{"name":"(anonymous_16)","decl":{"start":{"line":264,"column":1},"end":{"line":264,"column":2}},"loc":{"start":{"line":264,"column":29},"end":{"line":268,"column":2}},"line":264},"17":{"name":"(anonymous_17)","decl":{"start":{"line":269,"column":1},"end":{"line":269,"column":2}},"loc":{"start":{"line":269,"column":22},"end":{"line":273,"column":2}},"line":269},"18":{"name":"(anonymous_18)","decl":{"start":{"line":275,"column":1},"end":{"line":275,"column":2}},"loc":{"start":{"line":275,"column":18},"end":{"line":286,"column":2}},"line":275},"19":{"name":"(anonymous_19)","decl":{"start":{"line":288,"column":1},"end":{"line":288,"column":2}},"loc":{"start":{"line":288,"column":31},"end":{"line":305,"column":2}},"line":288},"20":{"name":"(anonymous_20)","decl":{"start":{"line":295,"column":31},"end":{"line":295,"column":32}},"loc":{"start":{"line":295,"column":48},"end":{"line":302,"column":3}},"line":295},"21":{"name":"(anonymous_21)","decl":{"start":{"line":306,"column":1},"end":{"line":306,"column":2}},"loc":{"start":{"line":306,"column":28},"end":{"line":309,"column":2}},"line":306},"22":{"name":"(anonymous_22)","decl":{"start":{"line":310,"column":1},"end":{"line":310,"column":2}},"loc":{"start":{"line":310,"column":10},"end":{"line":326,"column":5}},"line":310}},"branchMap":{"0":{"loc":{"start":{"line":59,"column":4},"end":{"line":61,"column":5}},"type":"if","locations":[{"start":{"line":59,"column":4},"end":{"line":61,"column":5}},{"start":{"line":59,"column":4},"end":{"line":61,"column":5}}],"line":59},"1":{"loc":{"start":{"line":59,"column":8},"end":{"line":59,"column":50}},"type":"binary-expr","locations":[{"start":{"line":59,"column":8},"end":{"line":59,"column":25}},{"start":{"line":59,"column":29},"end":{"line":59,"column":50}}],"line":59},"2":{"loc":{"start":{"line":181,"column":4},"end":{"line":183,"column":5}},"type":"if","locations":[{"start":{"line":181,"column":4},"end":{"line":183,"column":5}},{"start":{"line":181,"column":4},"end":{"line":183,"column":5}}],"line":181},"3":{"loc":{"start":{"line":181,"column":8},"end":{"line":181,"column":50}},"type":"binary-expr","locations":[{"start":{"line":181,"column":8},"end":{"line":181,"column":25}},{"start":{"line":181,"column":29},"end":{"line":181,"column":50}}],"line":181},"4":{"loc":{"start":{"line":297,"column":4},"end":{"line":299,"column":5}},"type":"if","locations":[{"start":{"line":297,"column":4},"end":{"line":299,"column":5}},{"start":{"line":297,"column":4},"end":{"line":299,"column":5}}],"line":297},"5":{"loc":{"start":{"line":297,"column":8},"end":{"line":297,"column":49}},"type":"binary-expr","locations":[{"start":{"line":297,"column":8},"end":{"line":297,"column":25}},{"start":{"line":297,"column":29},"end":{"line":297,"column":49}}],"line":297}},"s":{"0":4,"1":0,"2":0,"3":0,"4":0,"5":0,"6":0,"7":0,"8":0,"9":0,"10":0,"11":0,"12":0,"13":0,"14":0,"15":0,"16":0,"17":0,"18":0,"19":0,"20":0,"21":0,"22":0,"23":0,"24":0,"25":0,"26":4,"27":0,"28":0,"29":0,"30":0,"31":0,"32":0,"33":0,"34":0,"35":0,"36":0,"37":0,"38":0,"39":0,"40":0,"41":0,"42":0,"43":0,"44":0,"45":0,"46":0,"47":0,"48":0,"49":0,"50":4,"51":0,"52":0,"53":0,"54":0,"55":0,"56":0,"57":0,"58":0,"59":0,"60":0,"61":0,"62":0,"63":0,"64":0,"65":0,"66":0,"67":0,"68":0,"69":0,"70":0,"71":0,"72":0},"f":{"0":0,"1":0,"2":0,"3":0,"4":0,"5":0,"6":0,"7":0,"8":0,"9":0,"10":0,"11":0,"12":0,"13":0,"14":0,"15":0,"16":0,"17":0,"18":0,"19":0,"20":0,"21":0,"22":0},"b":{"0":[0,0],"1":[0,0],"2":[0,0],"3":[0,0],"4":[0,0],"5":[0,0]},"_coverageSchema":"332fd63041d2c1bcb487cc26dd0d5f7d97098a6c","hash":"37ed35ade527be1de7f2282bedccfe6a448c54b7"}
,"D:\\Git_Repositories\\CapStoneProject_Devops\\src\\components\\SearchBar.js": {"path":"D:\\Git_Repositories\\CapStoneProject_Devops\\src\\components\\SearchBar.js","statementMap":{"0":{"start":{"line":6,"column":2},"end":{"line":6,"column":58}},"1":{"start":{"line":9,"column":2},"end":{"line":24,"column":4}}},"fnMap":{"0":{"name":"(anonymous_0)","decl":{"start":{"line":5,"column":1},"end":{"line":5,"column":2}},"loc":{"start":{"line":5,"column":16},"end":{"line":7,"column":2}},"line":5},"1":{"name":"(anonymous_1)","decl":{"start":{"line":8,"column":1},"end":{"line":8,"column":2}},"loc":{"start":{"line":8,"column":10},"end":{"line":25,"column":2}},"line":8}},"branchMap":{},"s":{"0":0,"1":1},"f":{"0":0,"1":1},"b":{},"_coverageSchema":"332fd63041d2c1bcb487cc26dd0d5f7d97098a6c","hash":"a247c6aaaaf9a813581215d71a987e0855f5a800"}
,"D:\\Git_Repositories\\CapStoneProject_Devops\\src\\components\\SegmentComponent.js": {"path":"D:\\Git_Repositories\\CapStoneProject_Devops\\src\\components\\SegmentComponent.js","statementMap":{"0":{"start":{"line":4,"column":25},"end":{"line":14,"column":1}},"1":{"start":{"line":5,"column":4},"end":{"line":13,"column":5}}},"fnMap":{"0":{"name":"(anonymous_0)","decl":{"start":{"line":4,"column":25},"end":{"line":4,"column":26}},"loc":{"start":{"line":4,"column":36},"end":{"line":14,"column":1}},"line":4}},"branchMap":{},"s":{"0":5,"1":1},"f":{"0":1},"b":{},"_coverageSchema":"332fd63041d2c1bcb487cc26dd0d5f7d97098a6c","hash":"badf376ba2ad9c7618b7408e09346b920cfa28c6"}
,"D:\\Git_Repositories\\CapStoneProject_Devops\\src\\components\\ViewCourse_card.js": {"path":"D:\\Git_Repositories\\CapStoneProject_Devops\\src\\components\\ViewCourse_card.js","statementMap":{"0":{"start":{"line":1,"column":13},"end":{"line":1,"column":75}},"1":{"start":{"line":1,"column":94},"end":{"line":1,"column":177}},"2":{"start":{"line":1,"column":191},"end":{"line":1,"column":207}},"3":{"start":{"line":1,"column":222},"end":{"line":1,"column":252}},"4":{"start":{"line":2,"column":18},"end":{"line":2,"column":53}},"5":{"start":{"line":2,"column":73},"end":{"line":2,"column":108}},"6":{"start":{"line":3,"column":20},"end":{"line":3,"column":57}},"7":{"start":{"line":3,"column":79},"end":{"line":3,"column":116}},"8":{"start":{"line":4,"column":17},"end":{"line":4,"column":51}},"9":{"start":{"line":4,"column":70},"end":{"line":4,"column":104}},"10":{"start":{"line":5,"column":20},"end":{"line":5,"column":57}},"11":{"start":{"line":5,"column":79},"end":{"line":5,"column":116}},"12":{"start":{"line":5,"column":155},"end":{"line":5,"column":209}},"13":{"start":{"line":9,"column":2},"end":{"line":63,"column":435}},"14":{"start":{"line":70,"column":3},"end":{"line":70,"column":37}}},"fnMap":{"0":{"name":"_interopRequireDefault","decl":{"start":{"line":5,"column":126},"end":{"line":5,"column":148}},"loc":{"start":{"line":5,"column":154},"end":{"line":5,"column":210}},"line":5},"1":{"name":"(anonymous_1)","decl":{"start":{"line":8,"column":1},"end":{"line":8,"column":2}},"loc":{"start":{"line":8,"column":10},"end":{"line":70,"column":2}},"line":8}},"branchMap":{"0":{"loc":{"start":{"line":5,"column":162},"end":{"line":5,"column":208}},"type":"cond-expr","locations":[{"start":{"line":5,"column":186},"end":{"line":5,"column":189}},{"start":{"line":5,"column":192},"end":{"line":5,"column":208}}],"line":5},"1":{"loc":{"start":{"line":5,"column":162},"end":{"line":5,"column":183}},"type":"binary-expr","locations":[{"start":{"line":5,"column":162},"end":{"line":5,"column":165}},{"start":{"line":5,"column":169},"end":{"line":5,"column":183}}],"line":5}},"s":{"0":0,"1":0,"2":0,"3":0,"4":0,"5":0,"6":0,"7":0,"8":0,"9":0,"10":0,"11":0,"12":0,"13":0,"14":0},"f":{"0":0,"1":0},"b":{"0":[0,0],"1":[0,0]}}
,"D:\\Git_Repositories\\CapStoneProject_Devops\\src\\components\\about.js": {"path":"D:\\Git_Repositories\\CapStoneProject_Devops\\src\\components\\about.js","statementMap":{"0":{"start":{"line":1,"column":13},"end":{"line":1,"column":75}},"1":{"start":{"line":1,"column":94},"end":{"line":1,"column":167}},"2":{"start":{"line":2,"column":13},"end":{"line":2,"column":29}},"3":{"start":{"line":2,"column":44},"end":{"line":2,"column":74}},"4":{"start":{"line":3,"column":24},"end":{"line":3,"column":53}},"5":{"start":{"line":3,"column":79},"end":{"line":3,"column":120}},"6":{"start":{"line":3,"column":159},"end":{"line":3,"column":213}},"7":{"start":{"line":5,"column":14},"end":{"line":8,"column":165}},"8":{"start":{"line":6,"column":0},"end":{"line":8,"column":165}},"9":{"start":{"line":8,"column":166},"end":{"line":12,"column":6}}},"fnMap":{"0":{"name":"_interopRequireDefault","decl":{"start":{"line":3,"column":130},"end":{"line":3,"column":152}},"loc":{"start":{"line":3,"column":158},"end":{"line":3,"column":214}},"line":3},"1":{"name":"(anonymous_1)","decl":{"start":{"line":5,"column":14},"end":{"line":5,"column":15}},"loc":{"start":{"line":6,"column":0},"end":{"line":8,"column":165}},"line":6}},"branchMap":{"0":{"loc":{"start":{"line":3,"column":166},"end":{"line":3,"column":212}},"type":"cond-expr","locations":[{"start":{"line":3,"column":190},"end":{"line":3,"column":193}},{"start":{"line":3,"column":196},"end":{"line":3,"column":212}}],"line":3},"1":{"loc":{"start":{"line":3,"column":166},"end":{"line":3,"column":187}},"type":"binary-expr","locations":[{"start":{"line":3,"column":166},"end":{"line":3,"column":169}},{"start":{"line":3,"column":173},"end":{"line":3,"column":187}}],"line":3}},"s":{"0":0,"1":0,"2":0,"3":0,"4":0,"5":0,"6":0,"7":0,"8":0,"9":0},"f":{"0":0,"1":0},"b":{"0":[0,0],"1":[0,0]}}
,"D:\\Git_Repositories\\CapStoneProject_Devops\\src\\components\\add_course.js": {"path":"D:\\Git_Repositories\\CapStoneProject_Devops\\src\\components\\add_course.js","statementMap":{"0":{"start":{"line":8,"column":18},"end":{"line":13,"column":1}},"1":{"start":{"line":9,"column":1},"end":{"line":12,"column":7}}},"fnMap":{"0":{"name":"(anonymous_0)","decl":{"start":{"line":8,"column":18},"end":{"line":8,"column":19}},"loc":{"start":{"line":9,"column":1},"end":{"line":12,"column":7}},"line":9}},"branchMap":{},"s":{"0":1,"1":0},"f":{"0":0},"b":{},"_coverageSchema":"332fd63041d2c1bcb487cc26dd0d5f7d97098a6c","hash":"1537cf6608c26a104bd65eceaa0856e8f887dc98"}
,"D:\\Git_Repositories\\CapStoneProject_Devops\\src\\components\\delete_course.js": {"path":"D:\\Git_Repositories\\CapStoneProject_Devops\\src\\components\\delete_course.js","statementMap":{"0":{"start":{"line":8,"column":21},"end":{"line":13,"column":1}},"1":{"start":{"line":9,"column":1},"end":{"line":12,"column":7}}},"fnMap":{"0":{"name":"(anonymous_0)","decl":{"start":{"line":8,"column":21},"end":{"line":8,"column":22}},"loc":{"start":{"line":9,"column":1},"end":{"line":12,"column":7}},"line":9}},"branchMap":{},"s":{"0":1,"1":0},"f":{"0":0},"b":{},"_coverageSchema":"332fd63041d2c1bcb487cc26dd0d5f7d97098a6c","hash":"faa2a0471cc8bc30111eb69fc4f9d868c701c9f8"}
,"D:\\Git_Repositories\\CapStoneProject_Devops\\src\\components\\home.js": {"path":"D:\\Git_Repositories\\CapStoneProject_Devops\\src\\components\\home.js","statementMap":{"0":{"start":{"line":7,"column":13},"end":{"line":15,"column":1}},"1":{"start":{"line":8,"column":1},"end":{"line":14,"column":7}}},"fnMap":{"0":{"name":"(anonymous_0)","decl":{"start":{"line":7,"column":13},"end":{"line":7,"column":14}},"loc":{"start":{"line":8,"column":1},"end":{"line":14,"column":7}},"line":8}},"branchMap":{},"s":{"0":1,"1":0},"f":{"0":0},"b":{},"_coverageSchema":"332fd63041d2c1bcb487cc26dd0d5f7d97098a6c","hash":"aab453b4f0e5d1f9b7f3619ec94cd33ba30338c6"}
,"D:\\Git_Repositories\\CapStoneProject_Devops\\src\\components\\loginorsignup.js": {"path":"D:\\Git_Repositories\\CapStoneProject_Devops\\src\\components\\loginorsignup.js","statementMap":{"0":{"start":{"line":6,"column":22},"end":{"line":34,"column":1}},"1":{"start":{"line":7,"column":1},"end":{"line":33,"column":11}}},"fnMap":{"0":{"name":"(anonymous_0)","decl":{"start":{"line":6,"column":22},"end":{"line":6,"column":23}},"loc":{"start":{"line":7,"column":1},"end":{"line":33,"column":11}},"line":7}},"branchMap":{},"s":{"0":1,"1":0},"f":{"0":0},"b":{},"_coverageSchema":"332fd63041d2c1bcb487cc26dd0d5f7d97098a6c","hash":"eb578a06d8bfb53c02b2bd25a996447c140f435f"}
,"D:\\Git_Repositories\\CapStoneProject_Devops\\src\\components\\update_course.js": {"path":"D:\\Git_Repositories\\CapStoneProject_Devops\\src\\components\\update_course.js","statementMap":{"0":{"start":{"line":9,"column":2},"end":{"line":14,"column":4}}},"fnMap":{"0":{"name":"(anonymous_0)","decl":{"start":{"line":8,"column":1},"end":{"line":8,"column":2}},"loc":{"start":{"line":8,"column":10},"end":{"line":14,"column":5}},"line":8}},"branchMap":{},"s":{"0":0},"f":{"0":0},"b":{},"_coverageSchema":"332fd63041d2c1bcb487cc26dd0d5f7d97098a6c","hash":"ccba284c94c17189db82a4dc12e27ac2e63597f7"}
,"D:\\Git_Repositories\\CapStoneProject_Devops\\src\\components\\user_home.js": {"path":"D:\\Git_Repositories\\CapStoneProject_Devops\\src\\components\\user_home.js","statementMap":{"0":{"start":{"line":8,"column":2},"end":{"line":8,"column":31}},"1":{"start":{"line":11,"column":2},"end":{"line":55,"column":4}}},"fnMap":{"0":{"name":"(anonymous_0)","decl":{"start":{"line":7,"column":1},"end":{"line":7,"column":2}},"loc":{"start":{"line":7,"column":15},"end":{"line":9,"column":2}},"line":7},"1":{"name":"(anonymous_1)","decl":{"start":{"line":10,"column":1},"end":{"line":10,"column":2}},"loc":{"start":{"line":10,"column":10},"end":{"line":56,"column":2}},"line":10}},"branchMap":{},"s":{"0":0,"1":0},"f":{"0":0,"1":0},"b":{},"_coverageSchema":"332fd63041d2c1bcb487cc26dd0d5f7d97098a6c","hash":"891eacc2e6f7938a922652a169960e81b6aaa167"}
,"D:\\Git_Repositories\\CapStoneProject_Devops\\src\\components\\user_login.js": {"path":"D:\\Git_Repositories\\CapStoneProject_Devops\\src\\components\\user_login.js","statementMap":{"0":{"start":{"line":6,"column":19},"end":{"line":6,"column":26}},"1":{"start":{"line":10,"column":2},"end":{"line":10,"column":15}},"2":{"start":{"line":11,"column":2},"end":{"line":16,"column":4}},"3":{"start":{"line":19,"column":2},"end":{"line":19,"column":52}},"4":{"start":{"line":20,"column":2},"end":{"line":20,"column":39}},"5":{"start":{"line":24,"column":2},"end":{"line":26,"column":5}},"6":{"start":{"line":31,"column":2},"end":{"line":33,"column":5}},"7":{"start":{"line":37,"column":37},"end":{"line":37,"column":47}},"8":{"start":{"line":38,"column":2},"end":{"line":57,"column":3}},"9":{"start":{"line":40,"column":3},"end":{"line":56,"column":4}},"10":{"start":{"line":41,"column":4},"end":{"line":41,"column":42}},"11":{"start":{"line":42,"column":4},"end":{"line":44,"column":7}},"12":{"start":{"line":48,"column":4},"end":{"line":48,"column":43}},"13":{"start":{"line":49,"column":4},"end":{"line":53,"column":7}},"14":{"start":{"line":54,"column":4},"end":{"line":54,"column":70}},"15":{"start":{"line":62,"column":2},"end":{"line":65,"column":5}},"16":{"start":{"line":66,"column":2},"end":{"line":66,"column":48}},"17":{"start":{"line":70,"column":2},"end":{"line":123,"column":4}}},"fnMap":{"0":{"name":"(anonymous_0)","decl":{"start":{"line":9,"column":1},"end":{"line":9,"column":2}},"loc":{"start":{"line":9,"column":20},"end":{"line":17,"column":2}},"line":9},"1":{"name":"(anonymous_1)","decl":{"start":{"line":18,"column":1},"end":{"line":18,"column":2}},"loc":{"start":{"line":18,"column":20},"end":{"line":22,"column":2}},"line":18},"2":{"name":"(anonymous_2)","decl":{"start":{"line":23,"column":1},"end":{"line":23,"column":2}},"loc":{"start":{"line":23,"column":26},"end":{"line":27,"column":2}},"line":23},"3":{"name":"(anonymous_3)","decl":{"start":{"line":29,"column":1},"end":{"line":29,"column":2}},"loc":{"start":{"line":29,"column":32},"end":{"line":34,"column":2}},"line":29},"4":{"name":"(anonymous_4)","decl":{"start":{"line":36,"column":1},"end":{"line":36,"column":2}},"loc":{"start":{"line":36,"column":25},"end":{"line":59,"column":2}},"line":36},"5":{"name":"(anonymous_5)","decl":{"start":{"line":61,"column":1},"end":{"line":61,"column":2}},"loc":{"start":{"line":61,"column":19},"end":{"line":67,"column":2}},"line":61},"6":{"name":"(anonymous_6)","decl":{"start":{"line":69,"column":1},"end":{"line":69,"column":2}},"loc":{"start":{"line":69,"column":10},"end":{"line":124,"column":2}},"line":69}},"branchMap":{"0":{"loc":{"start":{"line":40,"column":3},"end":{"line":56,"column":4}},"type":"if","locations":[{"start":{"line":40,"column":3},"end":{"line":56,"column":4}},{"start":{"line":40,"column":3},"end":{"line":56,"column":4}}],"line":40},"1":{"loc":{"start":{"line":40,"column":7},"end":{"line":40,"column":65}},"type":"binary-expr","locations":[{"start":{"line":40,"column":7},"end":{"line":40,"column":31}},{"start":{"line":40,"column":35},"end":{"line":40,"column":65}}],"line":40}},"s":{"0":1,"1":0,"2":0,"3":0,"4":0,"5":0,"6":0,"7":0,"8":0,"9":0,"10":0,"11":0,"12":0,"13":0,"14":0,"15":0,"16":0,"17":0},"f":{"0":0,"1":0,"2":0,"3":0,"4":0,"5":0,"6":0},"b":{"0":[0,0],"1":[0,0]},"_coverageSchema":"332fd63041d2c1bcb487cc26dd0d5f7d97098a6c","hash":"03634223471ab36d1d37a1000cac4c7d88543f32"}
,"D:\\Git_Repositories\\CapStoneProject_Devops\\src\\components\\user_signup.js": {"path":"D:\\Git_Repositories\\CapStoneProject_Devops\\src\\components\\user_signup.js","statementMap":{"0":{"start":{"line":8,"column":19},"end":{"line":8,"column":26}},"1":{"start":{"line":12,"column":2},"end":{"line":12,"column":15}},"2":{"start":{"line":13,"column":2},"end":{"line":20,"column":4}},"3":{"start":{"line":26,"column":2},"end":{"line":28,"column":5}},"4":{"start":{"line":33,"column":2},"end":{"line":35,"column":5}},"5":{"start":{"line":40,"column":2},"end":{"line":42,"column":5}},"6":{"start":{"line":47,"column":2},"end":{"line":49,"column":5}},"7":{"start":{"line":54,"column":2},"end":{"line":56,"column":5}},"8":{"start":{"line":62,"column":2},"end":{"line":77,"column":3}},"9":{"start":{"line":63,"column":3},"end":{"line":63,"column":56}},"10":{"start":{"line":66,"column":3},"end":{"line":66,"column":180}},"11":{"start":{"line":67,"column":14},"end":{"line":73,"column":5}},"12":{"start":{"line":74,"column":3},"end":{"line":74,"column":31}},"13":{"start":{"line":75,"column":3},"end":{"line":75,"column":45}},"14":{"start":{"line":76,"column":3},"end":{"line":76,"column":42}},"15":{"start":{"line":89,"column":2},"end":{"line":89,"column":30}},"16":{"start":{"line":90,"column":2},"end":{"line":90,"column":52}},"17":{"start":{"line":93,"column":2},"end":{"line":181,"column":4}}},"fnMap":{"0":{"name":"(anonymous_0)","decl":{"start":{"line":11,"column":1},"end":{"line":11,"column":2}},"loc":{"start":{"line":11,"column":20},"end":{"line":21,"column":2}},"line":11},"1":{"name":"(anonymous_1)","decl":{"start":{"line":25,"column":1},"end":{"line":25,"column":2}},"loc":{"start":{"line":25,"column":34},"end":{"line":30,"column":2}},"line":25},"2":{"name":"(anonymous_2)","decl":{"start":{"line":32,"column":1},"end":{"line":32,"column":2}},"loc":{"start":{"line":32,"column":32},"end":{"line":37,"column":2}},"line":32},"3":{"name":"(anonymous_3)","decl":{"start":{"line":39,"column":1},"end":{"line":39,"column":2}},"loc":{"start":{"line":39,"column":32},"end":{"line":44,"column":2}},"line":39},"4":{"name":"(anonymous_4)","decl":{"start":{"line":46,"column":1},"end":{"line":46,"column":2}},"loc":{"start":{"line":46,"column":46},"end":{"line":51,"column":2}},"line":46},"5":{"name":"(anonymous_5)","decl":{"start":{"line":53,"column":1},"end":{"line":53,"column":2}},"loc":{"start":{"line":53,"column":26},"end":{"line":58,"column":2}},"line":53},"6":{"name":"(anonymous_6)","decl":{"start":{"line":60,"column":1},"end":{"line":60,"column":2}},"loc":{"start":{"line":60,"column":16},"end":{"line":78,"column":2}},"line":60},"7":{"name":"(anonymous_7)","decl":{"start":{"line":80,"column":1},"end":{"line":80,"column":2}},"loc":{"start":{"line":80,"column":19},"end":{"line":91,"column":2}},"line":80},"8":{"name":"(anonymous_8)","decl":{"start":{"line":92,"column":1},"end":{"line":92,"column":2}},"loc":{"start":{"line":92,"column":10},"end":{"line":181,"column":5}},"line":92}},"branchMap":{"0":{"loc":{"start":{"line":62,"column":2},"end":{"line":77,"column":3}},"type":"if","locations":[{"start":{"line":62,"column":2},"end":{"line":77,"column":3}},{"start":{"line":62,"column":2},"end":{"line":77,"column":3}}],"line":62}},"s":{"0":1,"1":0,"2":0,"3":0,"4":0,"5":0,"6":0,"7":0,"8":0,"9":0,"10":0,"11":0,"12":0,"13":0,"14":0,"15":0,"16":0,"17":0},"f":{"0":0,"1":0,"2":0,"3":0,"4":0,"5":0,"6":0,"7":0,"8":0},"b":{"0":[0,0]},"_coverageSchema":"332fd63041d2c1bcb487cc26dd0d5f7d97098a6c","hash":"687ec3f1d858e8b812b5d98a88ffff905c259267"}
,"D:\\Git_Repositories\\CapStoneProject_Devops\\src\\components\\view_courses.js": {"path":"D:\\Git_Repositories\\CapStoneProject_Devops\\src\\components\\view_courses.js","statementMap":{"0":{"start":{"line":16,"column":2},"end":{"line":16,"column":15}},"1":{"start":{"line":18,"column":2},"end":{"line":18,"column":18}},"2":{"start":{"line":19,"column":2},"end":{"line":19,"column":29}},"3":{"start":{"line":22,"column":2},"end":{"line":24,"column":5}},"4":{"start":{"line":27,"column":14},"end":{"line":27,"column":48}},"5":{"start":{"line":28,"column":2},"end":{"line":28,"column":38}},"6":{"start":{"line":29,"column":2},"end":{"line":29,"column":36}},"7":{"start":{"line":33,"column":11},"end":{"line":33,"column":75}},"8":{"start":{"line":34,"column":15},"end":{"line":40,"column":3}},"9":{"start":{"line":41,"column":2},"end":{"line":41,"column":34}},"10":{"start":{"line":42,"column":2},"end":{"line":42,"column":36}},"11":{"start":{"line":46,"column":13},"end":{"line":50,"column":3}},"12":{"start":{"line":51,"column":16},"end":{"line":51,"column":42}},"13":{"start":{"line":52,"column":19},"end":{"line":60,"column":4}},"14":{"start":{"line":54,"column":3},"end":{"line":58,"column":4}},"15":{"start":{"line":55,"column":4},"end":{"line":57,"column":5}},"16":{"start":{"line":56,"column":5},"end":{"line":56,"column":30}},"17":{"start":{"line":59,"column":3},"end":{"line":59,"column":17}},"18":{"start":{"line":61,"column":2},"end":{"line":63,"column":5}},"19":{"start":{"line":77,"column":2},"end":{"line":245,"column":4}}},"fnMap":{"0":{"name":"(anonymous_0)","decl":{"start":{"line":15,"column":1},"end":{"line":15,"column":2}},"loc":{"start":{"line":15,"column":20},"end":{"line":20,"column":2}},"line":15},"1":{"name":"(anonymous_1)","decl":{"start":{"line":21,"column":1},"end":{"line":21,"column":2}},"loc":{"start":{"line":21,"column":29},"end":{"line":25,"column":2}},"line":21},"2":{"name":"(anonymous_2)","decl":{"start":{"line":26,"column":1},"end":{"line":26,"column":2}},"loc":{"start":{"line":26,"column":22},"end":{"line":30,"column":2}},"line":26},"3":{"name":"(anonymous_3)","decl":{"start":{"line":32,"column":1},"end":{"line":32,"column":2}},"loc":{"start":{"line":32,"column":18},"end":{"line":43,"column":2}},"line":32},"4":{"name":"(anonymous_4)","decl":{"start":{"line":45,"column":1},"end":{"line":45,"column":2}},"loc":{"start":{"line":45,"column":29},"end":{"line":64,"column":2}},"line":45},"5":{"name":"(anonymous_5)","decl":{"start":{"line":52,"column":31},"end":{"line":52,"column":32}},"loc":{"start":{"line":52,"column":49},"end":{"line":60,"column":3}},"line":52},"6":{"name":"(anonymous_6)","decl":{"start":{"line":66,"column":1},"end":{"line":66,"column":2}},"loc":{"start":{"line":66,"column":10},"end":{"line":246,"column":2}},"line":66}},"branchMap":{"0":{"loc":{"start":{"line":55,"column":4},"end":{"line":57,"column":5}},"type":"if","locations":[{"start":{"line":55,"column":4},"end":{"line":57,"column":5}},{"start":{"line":55,"column":4},"end":{"line":57,"column":5}}],"line":55},"1":{"loc":{"start":{"line":55,"column":8},"end":{"line":55,"column":50}},"type":"binary-expr","locations":[{"start":{"line":55,"column":8},"end":{"line":55,"column":25}},{"start":{"line":55,"column":29},"end":{"line":55,"column":50}}],"line":55}},"s":{"0":0,"1":0,"2":0,"3":0,"4":0,"5":0,"6":0,"7":0,"8":0,"9":0,"10":0,"11":0,"12":0,"13":0,"14":0,"15":0,"16":0,"17":0,"18":0,"19":0},"f":{"0":0,"1":0,"2":0,"3":0,"4":0,"5":0,"6":0},"b":{"0":[0,0],"1":[0,0]},"_coverageSchema":"332fd63041d2c1bcb487cc26dd0d5f7d97098a6c","hash":"ea8c0db44d25f33a8a385af12086ec8d0f7f57d4"}
}
