{"D:\\Git_Repositories\\CapStoneProject_Devops\\src\\App.js": {"path":"D:\\Git_Repositories\\CapStoneProject_Devops\\src\\App.js","statementMap":{"0":{"start":{"line":26,"column":2},"end":{"line":60,"column":4}}},"fnMap":{"0":{"name":"(anonymous_0)","decl":{"start":{"line":25,"column":1},"end":{"line":25,"column":2}},"loc":{"start":{"line":25,"column":10},"end":{"line":60,"column":5}},"line":25}},"branchMap":{},"s":{"0":1},"f":{"0":1},"b":{},"_coverageSchema":"332fd63041d2c1bcb487cc26dd0d5f7d97098a6c","hash":"d85d9be2f8b201eee45dc141b32b27c4aa3688f9"}
,"D:\\Git_Repositories\\CapStoneProject_Devops\\src\\index.js": {"path":"D:\\Git_Repositories\\CapStoneProject_Devops\\src\\index.js","statementMap":{"0":{"start":{"line":1,"column":32},"end":{"line":1,"column":93}},"1":{"start":{"line":2,"column":13},"end":{"line":2,"column":29}},"2":{"start":{"line":2,"column":44},"end":{"line":2,"column":74}},"3":{"start":{"line":3,"column":16},"end":{"line":3,"column":36}},"4":{"start":{"line":3,"column":54},"end":{"line":3,"column":87}},"5":{"start":{"line":4,"column":0},"end":{"line":4,"column":23}},"6":{"start":{"line":5,"column":11},"end":{"line":5,"column":27}},"7":{"start":{"line":5,"column":40},"end":{"line":5,"column":68}},"8":{"start":{"line":5,"column":107},"end":{"line":5,"column":161}},"9":{"start":{"line":9,"column":0},"end":{"line":9,"column":181}}},"fnMap":{"0":{"name":"_interopRequireDefault","decl":{"start":{"line":5,"column":78},"end":{"line":5,"column":100}},"loc":{"start":{"line":5,"column":106},"end":{"line":5,"column":162}},"line":5}},"branchMap":{"0":{"loc":{"start":{"line":5,"column":114},"end":{"line":5,"column":160}},"type":"cond-expr","locations":[{"start":{"line":5,"column":138},"end":{"line":5,"column":141}},{"start":{"line":5,"column":144},"end":{"line":5,"column":160}}],"line":5},"1":{"loc":{"start":{"line":5,"column":114},"end":{"line":5,"column":135}},"type":"binary-expr","locations":[{"start":{"line":5,"column":114},"end":{"line":5,"column":117}},{"start":{"line":5,"column":121},"end":{"line":5,"column":135}}],"line":5}},"s":{"0":0,"1":0,"2":0,"3":0,"4":0,"5":0,"6":0,"7":0,"8":0,"9":0},"f":{"0":0},"b":{"0":[0,0],"1":[0,0]}}
,"D:\\Git_Repositories\\CapStoneProject_Devops\\src\\components\\CoursesRow.js": {"path":"D:\\Git_Repositories\\CapStoneProject_Devops\\src\\components\\CoursesRow.js","statementMap":{"0":{"start":{"line":5,"column":29},"end":{"line":46,"column":1}},"1":{"start":{"line":7,"column":2},"end":{"line":7,"column":43}},"2":{"start":{"line":10,"column":2},"end":{"line":45,"column":4}},"3":{"start":{"line":48,"column":32},"end":{"line":104,"column":1}},"4":{"start":{"line":50,"column":2},"end":{"line":50,"column":43}},"5":{"start":{"line":53,"column":2},"end":{"line":103,"column":4}},"6":{"start":{"line":106,"column":32},"end":{"line":149,"column":1}},"7":{"start":{"line":108,"column":2},"end":{"line":108,"column":43}},"8":{"start":{"line":111,"column":2},"end":{"line":148,"column":4}},"9":{"start":{"line":152,"column":30},"end":{"line":195,"column":1}},"10":{"start":{"line":154,"column":2},"end":{"line":154,"column":43}},"11":{"start":{"line":157,"column":2},"end":{"line":194,"column":4}}},"fnMap":{"0":{"name":"(anonymous_0)","decl":{"start":{"line":6,"column":1},"end":{"line":6,"column":2}},"loc":{"start":{"line":6,"column":14},"end":{"line":8,"column":2}},"line":6},"1":{"name":"(anonymous_1)","decl":{"start":{"line":9,"column":1},"end":{"line":9,"column":2}},"loc":{"start":{"line":9,"column":10},"end":{"line":45,"column":5}},"line":9},"2":{"name":"(anonymous_2)","decl":{"start":{"line":49,"column":1},"end":{"line":49,"column":2}},"loc":{"start":{"line":49,"column":14},"end":{"line":51,"column":2}},"line":49},"3":{"name":"(anonymous_3)","decl":{"start":{"line":52,"column":1},"end":{"line":52,"column":2}},"loc":{"start":{"line":52,"column":10},"end":{"line":103,"column":5}},"line":52},"4":{"name":"(anonymous_4)","decl":{"start":{"line":107,"column":1},"end":{"line":107,"column":2}},"loc":{"start":{"line":107,"column":14},"end":{"line":109,"column":2}},"line":107},"5":{"name":"(anonymous_5)","decl":{"start":{"line":110,"column":1},"end":{"line":110,"column":2}},"loc":{"start":{"line":110,"column":10},"end":{"line":148,"column":5}},"line":110},"6":{"name":"(anonymous_6)","decl":{"start":{"line":153,"column":1},"end":{"line":153,"column":2}},"loc":{"start":{"line":153,"column":14},"end":{"line":155,"column":2}},"line":153},"7":{"name":"(anonymous_7)","decl":{"start":{"line":156,"column":1},"end":{"line":156,"column":2}},"loc":{"start":{"line":156,"column":10},"end":{"line":194,"column":5}},"line":156}},"branchMap":{},"s":{"0":8,"1":0,"2":0,"3":8,"4":0,"5":0,"6":8,"7":0,"8":0,"9":8,"10":0,"11":0},"f":{"0":0,"1":0,"2":0,"3":0,"4":0,"5":0,"6":0,"7":0},"b":{},"_coverageSchema":"332fd63041d2c1bcb487cc26dd0d5f7d97098a6c","hash":"9b9589cfaf8a3cb84ab187406de2c6bf58fc9400"}
,"D:\\Git_Repositories\\CapStoneProject_Devops\\src\\components\\CoursesTable.js": {"path":"D:\\Git_Repositories\\CapStoneProject_Devops\\src\\components\\CoursesTable.js","statementMap":{"0":{"start":{"line":5,"column":31},"end":{"line":60,"column":1}},"1":{"start":{"line":8,"column":32},"end":{"line":8,"column":66}},"2":{"start":{"line":10,"column":19},"end":{"line":10,"column":40}},"3":{"start":{"line":11,"column":15},"end":{"line":22,"column":4}},"4":{"start":{"line":12,"column":3},"end":{"line":14,"column":4}},"5":{"start":{"line":13,"column":4},"end":{"line":13,"column":17}},"6":{"start":{"line":15,"column":3},"end":{"line":21,"column":5}},"7":{"start":{"line":23,"column":2},"end":{"line":58,"column":4}},"8":{"start":{"line":62,"column":34},"end":{"line":101,"column":1}},"9":{"start":{"line":65,"column":35},"end":{"line":65,"column":72}},"10":{"start":{"line":66,"column":15},"end":{"line":66,"column":34}},"11":{"start":{"line":67,"column":22},"end":{"line":67,"column":43}},"12":{"start":{"line":68,"column":19},"end":{"line":68,"column":40}},"13":{"start":{"line":69,"column":15},"end":{"line":82,"column":4}},"14":{"start":{"line":70,"column":3},"end":{"line":72,"column":4}},"15":{"start":{"line":71,"column":4},"end":{"line":71,"column":17}},"16":{"start":{"line":73,"column":3},"end":{"line":81,"column":5}},"17":{"start":{"line":83,"column":2},"end":{"line":100,"column":4}},"18":{"start":{"line":103,"column":34},"end":{"line":144,"column":1}},"19":{"start":{"line":105,"column":2},"end":{"line":105,"column":15}},"20":{"start":{"line":107,"column":2},"end":{"line":107,"column":18}},"21":{"start":{"line":113,"column":35},"end":{"line":113,"column":72}},"22":{"start":{"line":115,"column":19},"end":{"line":115,"column":40}},"23":{"start":{"line":116,"column":15},"end":{"line":121,"column":4}},"24":{"start":{"line":117,"column":3},"end":{"line":119,"column":4}},"25":{"start":{"line":118,"column":4},"end":{"line":118,"column":11}},"26":{"start":{"line":120,"column":3},"end":{"line":120,"column":121}},"27":{"start":{"line":122,"column":2},"end":{"line":143,"column":4}},"28":{"start":{"line":146,"column":32},"end":{"line":184,"column":1}},"29":{"start":{"line":149,"column":33},"end":{"line":149,"column":68}},"30":{"start":{"line":150,"column":15},"end":{"line":150,"column":34}},"31":{"start":{"line":151,"column":22},"end":{"line":151,"column":43}},"32":{"start":{"line":152,"column":19},"end":{"line":152,"column":40}},"33":{"start":{"line":153,"column":15},"end":{"line":166,"column":4}},"34":{"start":{"line":154,"column":3},"end":{"line":156,"column":4}},"35":{"start":{"line":155,"column":4},"end":{"line":155,"column":17}},"36":{"start":{"line":157,"column":3},"end":{"line":165,"column":5}},"37":{"start":{"line":167,"column":2},"end":{"line":183,"column":4}}},"fnMap":{"0":{"name":"(anonymous_0)","decl":{"start":{"line":7,"column":1},"end":{"line":7,"column":2}},"loc":{"start":{"line":7,"column":10},"end":{"line":59,"column":2}},"line":7},"1":{"name":"(anonymous_1)","decl":{"start":{"line":11,"column":38},"end":{"line":11,"column":39}},"loc":{"start":{"line":11,"column":56},"end":{"line":22,"column":3}},"line":11},"2":{"name":"(anonymous_2)","decl":{"start":{"line":64,"column":1},"end":{"line":64,"column":2}},"loc":{"start":{"line":64,"column":10},"end":{"line":100,"column":5}},"line":64},"3":{"name":"(anonymous_3)","decl":{"start":{"line":69,"column":38},"end":{"line":69,"column":39}},"loc":{"start":{"line":69,"column":56},"end":{"line":82,"column":3}},"line":69},"4":{"name":"(anonymous_4)","decl":{"start":{"line":104,"column":1},"end":{"line":104,"column":2}},"loc":{"start":{"line":104,"column":20},"end":{"line":108,"column":2}},"line":104},"5":{"name":"(anonymous_5)","decl":{"start":{"line":112,"column":1},"end":{"line":112,"column":2}},"loc":{"start":{"line":112,"column":10},"end":{"line":143,"column":5}},"line":112},"6":{"name":"(anonymous_6)","decl":{"start":{"line":116,"column":38},"end":{"line":116,"column":39}},"loc":{"start":{"line":116,"column":56},"end":{"line":121,"column":3}},"line":116},"7":{"name":"(anonymous_7)","decl":{"start":{"line":148,"column":1},"end":{"line":148,"column":2}},"loc":{"start":{"line":148,"column":10},"end":{"line":183,"column":5}},"line":148},"8":{"name":"(anonymous_8)","decl":{"start":{"line":153,"column":38},"end":{"line":153,"column":39}},"loc":{"start":{"line":153,"column":56},"end":{"line":166,"column":3}},"line":153}},"branchMap":{"0":{"loc":{"start":{"line":12,"column":3},"end":{"line":14,"column":4}},"type":"if","locations":[{"start":{"line":12,"column":3},"end":{"line":14,"column":4}},{"start":{"line":12,"column":3},"end":{"line":14,"column":4}}],"line":12},"1":{"loc":{"start":{"line":70,"column":3},"end":{"line":72,"column":4}},"type":"if","locations":[{"start":{"line":70,"column":3},"end":{"line":72,"column":4}},{"start":{"line":70,"column":3},"end":{"line":72,"column":4}}],"line":70},"2":{"loc":{"start":{"line":96,"column":6},"end":{"line":96,"column":79}},"type":"cond-expr","locations":[{"start":{"line":96,"column":26},"end":{"line":96,"column":32}},{"start":{"line":96,"column":35},"end":{"line":96,"column":79}}],"line":96},"3":{"loc":{"start":{"line":117,"column":3},"end":{"line":119,"column":4}},"type":"if","locations":[{"start":{"line":117,"column":3},"end":{"line":119,"column":4}},{"start":{"line":117,"column":3},"end":{"line":119,"column":4}}],"line":117},"4":{"loc":{"start":{"line":138,"column":7},"end":{"line":138,"column":80}},"type":"cond-expr","locations":[{"start":{"line":138,"column":27},"end":{"line":138,"column":33}},{"start":{"line":138,"column":36},"end":{"line":138,"column":80}}],"line":138},"5":{"loc":{"start":{"line":154,"column":3},"end":{"line":156,"column":4}},"type":"if","locations":[{"start":{"line":154,"column":3},"end":{"line":156,"column":4}},{"start":{"line":154,"column":3},"end":{"line":156,"column":4}}],"line":154},"6":{"loc":{"start":{"line":179,"column":6},"end":{"line":179,"column":77}},"type":"cond-expr","locations":[{"start":{"line":179,"column":26},"end":{"line":179,"column":32}},{"start":{"line":179,"column":35},"end":{"line":179,"column":77}}],"line":179}},"s":{"0":7,"1":0,"2":0,"3":0,"4":0,"5":0,"6":0,"7":0,"8":7,"9":0,"10":0,"11":0,"12":0,"13":0,"14":0,"15":0,"16":0,"17":0,"18":7,"19":0,"20":0,"21":0,"22":0,"23":0,"24":0,"25":0,"26":0,"27":0,"28":7,"29":0,"30":0,"31":0,"32":0,"33":0,"34":0,"35":0,"36":0,"37":0},"f":{"0":0,"1":0,"2":0,"3":0,"4":0,"5":0,"6":0,"7":0,"8":0},"b":{"0":[0,0],"1":[0,0],"2":[0,0],"3":[0,0],"4":[0,0],"5":[0,0],"6":[0,0]},"_coverageSchema":"332fd63041d2c1bcb487cc26dd0d5f7d97098a6c","hash":"d0d6aa114fda8b4cae89c543a45d7d011d4e5b17"}
,"D:\\Git_Repositories\\CapStoneProject_Devops\\src\\components\\EditableCell.js": {"path":"D:\\Git_Repositories\\CapStoneProject_Devops\\src\\components\\EditableCell.js","statementMap":{"0":{"start":{"line":4,"column":26},"end":{"line":24,"column":1}},"1":{"start":{"line":6,"column":2},"end":{"line":23,"column":4}},"2":{"start":{"line":26,"column":29},"end":{"line":36,"column":1}},"3":{"start":{"line":28,"column":2},"end":{"line":34,"column":4}},"4":{"start":{"line":38,"column":29},"end":{"line":60,"column":1}},"5":{"start":{"line":40,"column":2},"end":{"line":58,"column":4}},"6":{"start":{"line":62,"column":27},"end":{"line":71,"column":1}},"7":{"start":{"line":64,"column":2},"end":{"line":69,"column":4}}},"fnMap":{"0":{"name":"(anonymous_0)","decl":{"start":{"line":5,"column":1},"end":{"line":5,"column":2}},"loc":{"start":{"line":5,"column":10},"end":{"line":23,"column":5}},"line":5},"1":{"name":"(anonymous_1)","decl":{"start":{"line":27,"column":1},"end":{"line":27,"column":2}},"loc":{"start":{"line":27,"column":10},"end":{"line":35,"column":2}},"line":27},"2":{"name":"(anonymous_2)","decl":{"start":{"line":39,"column":1},"end":{"line":39,"column":2}},"loc":{"start":{"line":39,"column":10},"end":{"line":59,"column":2}},"line":39},"3":{"name":"(anonymous_3)","decl":{"start":{"line":63,"column":1},"end":{"line":63,"column":2}},"loc":{"start":{"line":63,"column":10},"end":{"line":70,"column":2}},"line":63}},"branchMap":{},"s":{"0":9,"1":0,"2":9,"3":0,"4":9,"5":0,"6":9,"7":0},"f":{"0":0,"1":0,"2":0,"3":0},"b":{},"_coverageSchema":"332fd63041d2c1bcb487cc26dd0d5f7d97098a6c","hash":"3cd3e70797f678b8937c8f36215d74fdc3b3f2dc"}
,"D:\\Git_Repositories\\CapStoneProject_Devops\\src\\components\\ManageCourses.js": {"path":"D:\\Git_Repositories\\CapStoneProject_Devops\\src\\components\\ManageCourses.js","statementMap":{"0":{"start":{"line":6,"column":19},"end":{"line":6,"column":28}},"1":{"start":{"line":8,"column":27},"end":{"line":99,"column":1}},"2":{"start":{"line":10,"column":2},"end":{"line":10,"column":15}},"3":{"start":{"line":11,"column":2},"end":{"line":11,"column":18}},"4":{"start":{"line":12,"column":2},"end":{"line":12,"column":29}},"5":{"start":{"line":13,"column":2},"end":{"line":13,"column":26}},"6":{"start":{"line":17,"column":2},"end":{"line":17,"column":56}},"7":{"start":{"line":20,"column":2},"end":{"line":22,"column":5}},"8":{"start":{"line":25,"column":14},"end":{"line":25,"column":48}},"9":{"start":{"line":26,"column":2},"end":{"line":26,"column":38}},"10":{"start":{"line":27,"column":2},"end":{"line":27,"column":36}},"11":{"start":{"line":31,"column":11},"end":{"line":31,"column":75}},"12":{"start":{"line":32,"column":15},"end":{"line":38,"column":3}},"13":{"start":{"line":39,"column":2},"end":{"line":39,"column":34}},"14":{"start":{"line":40,"column":2},"end":{"line":40,"column":36}},"15":{"start":{"line":44,"column":27},"end":{"line":44,"column":32}},"16":{"start":{"line":45,"column":16},"end":{"line":45,"column":42}},"17":{"start":{"line":49,"column":2},"end":{"line":53,"column":3}},"18":{"start":{"line":50,"column":3},"end":{"line":52,"column":4}},"19":{"start":{"line":51,"column":4},"end":{"line":51,"column":30}},"20":{"start":{"line":54,"column":2},"end":{"line":61,"column":3}},"21":{"start":{"line":55,"column":3},"end":{"line":55,"column":54}},"22":{"start":{"line":58,"column":3},"end":{"line":58,"column":47}},"23":{"start":{"line":59,"column":3},"end":{"line":59,"column":32}},"24":{"start":{"line":60,"column":3},"end":{"line":60,"column":34}},"25":{"start":{"line":64,"column":13},"end":{"line":68,"column":3}},"26":{"start":{"line":69,"column":16},"end":{"line":69,"column":42}},"27":{"start":{"line":70,"column":19},"end":{"line":77,"column":4}},"28":{"start":{"line":71,"column":3},"end":{"line":75,"column":4}},"29":{"start":{"line":72,"column":4},"end":{"line":74,"column":5}},"30":{"start":{"line":73,"column":5},"end":{"line":73,"column":30}},"31":{"start":{"line":76,"column":3},"end":{"line":76,"column":17}},"32":{"start":{"line":78,"column":2},"end":{"line":80,"column":5}},"33":{"start":{"line":83,"column":2},"end":{"line":98,"column":4}},"34":{"start":{"line":101,"column":29},"end":{"line":160,"column":1}},"35":{"start":{"line":103,"column":2},"end":{"line":103,"column":15}},"36":{"start":{"line":104,"column":2},"end":{"line":106,"column":4}},"37":{"start":{"line":107,"column":2},"end":{"line":107,"column":26}},"38":{"start":{"line":108,"column":2},"end":{"line":108,"column":29}},"39":{"start":{"line":111,"column":2},"end":{"line":111,"column":54}},"40":{"start":{"line":114,"column":2},"end":{"line":116,"column":5}},"41":{"start":{"line":119,"column":14},"end":{"line":119,"column":48}},"42":{"start":{"line":120,"column":2},"end":{"line":120,"column":38}},"43":{"start":{"line":121,"column":2},"end":{"line":121,"column":36}},"44":{"start":{"line":122,"column":2},"end":{"line":122,"column":35}},"45":{"start":{"line":123,"column":2},"end":{"line":123,"column":46}},"46":{"start":{"line":126,"column":13},"end":{"line":130,"column":3}},"47":{"start":{"line":131,"column":16},"end":{"line":131,"column":42}},"48":{"start":{"line":132,"column":19},"end":{"line":139,"column":4}},"49":{"start":{"line":133,"column":3},"end":{"line":137,"column":4}},"50":{"start":{"line":134,"column":4},"end":{"line":136,"column":5}},"51":{"start":{"line":135,"column":5},"end":{"line":135,"column":30}},"52":{"start":{"line":138,"column":3},"end":{"line":138,"column":17}},"53":{"start":{"line":140,"column":2},"end":{"line":142,"column":5}},"54":{"start":{"line":145,"column":2},"end":{"line":159,"column":2}},"55":{"start":{"line":162,"column":29},"end":{"line":219,"column":1}},"56":{"start":{"line":164,"column":2},"end":{"line":164,"column":15}},"57":{"start":{"line":165,"column":2},"end":{"line":165,"column":18}},"58":{"start":{"line":166,"column":2},"end":{"line":166,"column":29}},"59":{"start":{"line":167,"column":2},"end":{"line":167,"column":26}},"60":{"start":{"line":170,"column":2},"end":{"line":170,"column":54}},"61":{"start":{"line":173,"column":2},"end":{"line":175,"column":5}},"62":{"start":{"line":178,"column":14},"end":{"line":178,"column":48}},"63":{"start":{"line":179,"column":2},"end":{"line":179,"column":38}},"64":{"start":{"line":180,"column":2},"end":{"line":180,"column":36}},"65":{"start":{"line":183,"column":13},"end":{"line":187,"column":3}},"66":{"start":{"line":188,"column":16},"end":{"line":188,"column":42}},"67":{"start":{"line":189,"column":19},"end":{"line":196,"column":4}},"68":{"start":{"line":190,"column":3},"end":{"line":194,"column":4}},"69":{"start":{"line":191,"column":4},"end":{"line":193,"column":5}},"70":{"start":{"line":192,"column":5},"end":{"line":192,"column":30}},"71":{"start":{"line":195,"column":3},"end":{"line":195,"column":17}},"72":{"start":{"line":197,"column":2},"end":{"line":197,"column":38}},"73":{"start":{"line":200,"column":2},"end":{"line":200,"column":46}},"74":{"start":{"line":201,"column":2},"end":{"line":201,"column":40}},"75":{"start":{"line":204,"column":2},"end":{"line":218,"column":4}},"76":{"start":{"line":221,"column":27},"end":{"line":280,"column":1}},"77":{"start":{"line":223,"column":2},"end":{"line":223,"column":15}},"78":{"start":{"line":224,"column":2},"end":{"line":226,"column":4}},"79":{"start":{"line":227,"column":2},"end":{"line":227,"column":26}},"80":{"start":{"line":228,"column":2},"end":{"line":228,"column":29}},"81":{"start":{"line":231,"column":2},"end":{"line":231,"column":54}},"82":{"start":{"line":234,"column":2},"end":{"line":236,"column":5}},"83":{"start":{"line":239,"column":14},"end":{"line":239,"column":48}},"84":{"start":{"line":240,"column":2},"end":{"line":240,"column":38}},"85":{"start":{"line":241,"column":2},"end":{"line":241,"column":36}},"86":{"start":{"line":242,"column":2},"end":{"line":242,"column":35}},"87":{"start":{"line":243,"column":2},"end":{"line":243,"column":46}},"88":{"start":{"line":246,"column":13},"end":{"line":250,"column":3}},"89":{"start":{"line":251,"column":16},"end":{"line":251,"column":42}},"90":{"start":{"line":252,"column":19},"end":{"line":259,"column":4}},"91":{"start":{"line":253,"column":3},"end":{"line":257,"column":4}},"92":{"start":{"line":254,"column":4},"end":{"line":256,"column":5}},"93":{"start":{"line":255,"column":5},"end":{"line":255,"column":30}},"94":{"start":{"line":258,"column":3},"end":{"line":258,"column":17}},"95":{"start":{"line":260,"column":2},"end":{"line":262,"column":5}},"96":{"start":{"line":265,"column":2},"end":{"line":279,"column":2}}},"fnMap":{"0":{"name":"(anonymous_0)","decl":{"start":{"line":9,"column":1},"end":{"line":9,"column":2}},"loc":{"start":{"line":9,"column":20},"end":{"line":14,"column":2}},"line":9},"1":{"name":"(anonymous_1)","decl":{"start":{"line":15,"column":1},"end":{"line":15,"column":2}},"loc":{"start":{"line":15,"column":20},"end":{"line":18,"column":2}},"line":15},"2":{"name":"(anonymous_2)","decl":{"start":{"line":19,"column":1},"end":{"line":19,"column":2}},"loc":{"start":{"line":19,"column":29},"end":{"line":23,"column":2}},"line":19},"3":{"name":"(anonymous_3)","decl":{"start":{"line":24,"column":1},"end":{"line":24,"column":2}},"loc":{"start":{"line":24,"column":22},"end":{"line":28,"column":2}},"line":24},"4":{"name":"(anonymous_4)","decl":{"start":{"line":30,"column":1},"end":{"line":30,"column":2}},"loc":{"start":{"line":30,"column":18},"end":{"line":41,"column":2}},"line":30},"5":{"name":"(anonymous_5)","decl":{"start":{"line":43,"column":1},"end":{"line":43,"column":2}},"loc":{"start":{"line":43,"column":14},"end":{"line":62,"column":2}},"line":43},"6":{"name":"(anonymous_6)","decl":{"start":{"line":63,"column":1},"end":{"line":63,"column":2}},"loc":{"start":{"line":63,"column":28},"end":{"line":81,"column":2}},"line":63},"7":{"name":"(anonymous_7)","decl":{"start":{"line":70,"column":31},"end":{"line":70,"column":32}},"loc":{"start":{"line":70,"column":49},"end":{"line":77,"column":3}},"line":70},"8":{"name":"(anonymous_8)","decl":{"start":{"line":82,"column":1},"end":{"line":82,"column":2}},"loc":{"start":{"line":82,"column":10},"end":{"line":98,"column":5}},"line":82},"9":{"name":"(anonymous_9)","decl":{"start":{"line":102,"column":1},"end":{"line":102,"column":2}},"loc":{"start":{"line":102,"column":20},"end":{"line":109,"column":2}},"line":102},"10":{"name":"(anonymous_10)","decl":{"start":{"line":110,"column":1},"end":{"line":110,"column":2}},"loc":{"start":{"line":110,"column":20},"end":{"line":112,"column":2}},"line":110},"11":{"name":"(anonymous_11)","decl":{"start":{"line":113,"column":1},"end":{"line":113,"column":2}},"loc":{"start":{"line":113,"column":29},"end":{"line":117,"column":2}},"line":113},"12":{"name":"(anonymous_12)","decl":{"start":{"line":118,"column":1},"end":{"line":118,"column":2}},"loc":{"start":{"line":118,"column":22},"end":{"line":124,"column":2}},"line":118},"13":{"name":"(anonymous_13)","decl":{"start":{"line":125,"column":1},"end":{"line":125,"column":2}},"loc":{"start":{"line":125,"column":31},"end":{"line":143,"column":2}},"line":125},"14":{"name":"(anonymous_14)","decl":{"start":{"line":132,"column":31},"end":{"line":132,"column":32}},"loc":{"start":{"line":132,"column":49},"end":{"line":139,"column":3}},"line":132},"15":{"name":"(anonymous_15)","decl":{"start":{"line":144,"column":1},"end":{"line":144,"column":2}},"loc":{"start":{"line":144,"column":10},"end":{"line":159,"column":3}},"line":144},"16":{"name":"(anonymous_16)","decl":{"start":{"line":163,"column":1},"end":{"line":163,"column":2}},"loc":{"start":{"line":163,"column":20},"end":{"line":168,"column":2}},"line":163},"17":{"name":"(anonymous_17)","decl":{"start":{"line":169,"column":1},"end":{"line":169,"column":2}},"loc":{"start":{"line":169,"column":20},"end":{"line":171,"column":2}},"line":169},"18":{"name":"(anonymous_18)","decl":{"start":{"line":172,"column":1},"end":{"line":172,"column":2}},"loc":{"start":{"line":172,"column":29},"end":{"line":176,"column":2}},"line":172},"19":{"name":"(anonymous_19)","decl":{"start":{"line":177,"column":1},"end":{"line":177,"column":2}},"loc":{"start":{"line":177,"column":22},"end":{"line":181,"column":2}},"line":177},"20":{"name":"(anonymous_20)","decl":{"start":{"line":182,"column":1},"end":{"line":182,"column":2}},"loc":{"start":{"line":182,"column":31},"end":{"line":198,"column":2}},"line":182},"21":{"name":"(anonymous_21)","decl":{"start":{"line":189,"column":31},"end":{"line":189,"column":32}},"loc":{"start":{"line":189,"column":48},"end":{"line":196,"column":3}},"line":189},"22":{"name":"(anonymous_22)","decl":{"start":{"line":199,"column":1},"end":{"line":199,"column":2}},"loc":{"start":{"line":199,"column":28},"end":{"line":202,"column":2}},"line":199},"23":{"name":"(anonymous_23)","decl":{"start":{"line":203,"column":1},"end":{"line":203,"column":2}},"loc":{"start":{"line":203,"column":10},"end":{"line":218,"column":5}},"line":203},"24":{"name":"(anonymous_24)","decl":{"start":{"line":222,"column":1},"end":{"line":222,"column":2}},"loc":{"start":{"line":222,"column":20},"end":{"line":229,"column":2}},"line":222},"25":{"name":"(anonymous_25)","decl":{"start":{"line":230,"column":1},"end":{"line":230,"column":2}},"loc":{"start":{"line":230,"column":20},"end":{"line":232,"column":2}},"line":230},"26":{"name":"(anonymous_26)","decl":{"start":{"line":233,"column":1},"end":{"line":233,"column":2}},"loc":{"start":{"line":233,"column":29},"end":{"line":237,"column":2}},"line":233},"27":{"name":"(anonymous_27)","decl":{"start":{"line":238,"column":1},"end":{"line":238,"column":2}},"loc":{"start":{"line":238,"column":22},"end":{"line":244,"column":2}},"line":238},"28":{"name":"(anonymous_28)","decl":{"start":{"line":245,"column":1},"end":{"line":245,"column":2}},"loc":{"start":{"line":245,"column":29},"end":{"line":263,"column":2}},"line":245},"29":{"name":"(anonymous_29)","decl":{"start":{"line":252,"column":31},"end":{"line":252,"column":32}},"loc":{"start":{"line":252,"column":49},"end":{"line":259,"column":3}},"line":252},"30":{"name":"(anonymous_30)","decl":{"start":{"line":264,"column":1},"end":{"line":264,"column":2}},"loc":{"start":{"line":264,"column":10},"end":{"line":279,"column":3}},"line":264}},"branchMap":{"0":{"loc":{"start":{"line":50,"column":3},"end":{"line":52,"column":4}},"type":"if","locations":[{"start":{"line":50,"column":3},"end":{"line":52,"column":4}},{"start":{"line":50,"column":3},"end":{"line":52,"column":4}}],"line":50},"1":{"loc":{"start":{"line":50,"column":6},"end":{"line":50,"column":142}},"type":"binary-expr","locations":[{"start":{"line":50,"column":6},"end":{"line":50,"column":26}},{"start":{"line":50,"column":30},"end":{"line":50,"column":52}},{"start":{"line":50,"column":56},"end":{"line":50,"column":79}},{"start":{"line":50,"column":83},"end":{"line":50,"column":109}},{"start":{"line":50,"column":113},"end":{"line":50,"column":142}}],"line":50},"2":{"loc":{"start":{"line":54,"column":2},"end":{"line":61,"column":3}},"type":"if","locations":[{"start":{"line":54,"column":2},"end":{"line":61,"column":3}},{"start":{"line":54,"column":2},"end":{"line":61,"column":3}}],"line":54},"3":{"loc":{"start":{"line":72,"column":4},"end":{"line":74,"column":5}},"type":"if","locations":[{"start":{"line":72,"column":4},"end":{"line":74,"column":5}},{"start":{"line":72,"column":4},"end":{"line":74,"column":5}}],"line":72},"4":{"loc":{"start":{"line":72,"column":8},"end":{"line":72,"column":50}},"type":"binary-expr","locations":[{"start":{"line":72,"column":8},"end":{"line":72,"column":25}},{"start":{"line":72,"column":29},"end":{"line":72,"column":50}}],"line":72},"5":{"loc":{"start":{"line":134,"column":4},"end":{"line":136,"column":5}},"type":"if","locations":[{"start":{"line":134,"column":4},"end":{"line":136,"column":5}},{"start":{"line":134,"column":4},"end":{"line":136,"column":5}}],"line":134},"6":{"loc":{"start":{"line":134,"column":8},"end":{"line":134,"column":50}},"type":"binary-expr","locations":[{"start":{"line":134,"column":8},"end":{"line":134,"column":25}},{"start":{"line":134,"column":29},"end":{"line":134,"column":50}}],"line":134},"7":{"loc":{"start":{"line":191,"column":4},"end":{"line":193,"column":5}},"type":"if","locations":[{"start":{"line":191,"column":4},"end":{"line":193,"column":5}},{"start":{"line":191,"column":4},"end":{"line":193,"column":5}}],"line":191},"8":{"loc":{"start":{"line":191,"column":8},"end":{"line":191,"column":49}},"type":"binary-expr","locations":[{"start":{"line":191,"column":8},"end":{"line":191,"column":25}},{"start":{"line":191,"column":29},"end":{"line":191,"column":49}}],"line":191},"9":{"loc":{"start":{"line":254,"column":4},"end":{"line":256,"column":5}},"type":"if","locations":[{"start":{"line":254,"column":4},"end":{"line":256,"column":5}},{"start":{"line":254,"column":4},"end":{"line":256,"column":5}}],"line":254},"10":{"loc":{"start":{"line":254,"column":8},"end":{"line":254,"column":50}},"type":"binary-expr","locations":[{"start":{"line":254,"column":8},"end":{"line":254,"column":25}},{"start":{"line":254,"column":29},"end":{"line":254,"column":50}}],"line":254}},"s":{"0":6,"1":6,"2":0,"3":0,"4":0,"5":0,"6":0,"7":0,"8":0,"9":0,"10":0,"11":0,"12":0,"13":0,"14":0,"15":0,"16":0,"17":0,"18":0,"19":0,"20":0,"21":0,"22":0,"23":0,"24":0,"25":0,"26":0,"27":0,"28":0,"29":0,"30":0,"31":0,"32":0,"33":0,"34":6,"35":0,"36":0,"37":0,"38":0,"39":0,"40":0,"41":0,"42":0,"43":0,"44":0,"45":0,"46":0,"47":0,"48":0,"49":0,"50":0,"51":0,"52":0,"53":0,"54":0,"55":6,"56":0,"57":0,"58":0,"59":0,"60":0,"61":0,"62":0,"63":0,"64":0,"65":0,"66":0,"67":0,"68":0,"69":0,"70":0,"71":0,"72":0,"73":0,"74":0,"75":0,"76":6,"77":0,"78":0,"79":0,"80":0,"81":0,"82":0,"83":0,"84":0,"85":0,"86":0,"87":0,"88":0,"89":0,"90":0,"91":0,"92":0,"93":0,"94":0,"95":0,"96":0},"f":{"0":0,"1":0,"2":0,"3":0,"4":0,"5":0,"6":0,"7":0,"8":0,"9":0,"10":0,"11":0,"12":0,"13":0,"14":0,"15":0,"16":0,"17":0,"18":0,"19":0,"20":0,"21":0,"22":0,"23":0,"24":0,"25":0,"26":0,"27":0,"28":0,"29":0,"30":0},"b":{"0":[0,0],"1":[0,0,0,0,0],"2":[0,0],"3":[0,0],"4":[0,0],"5":[0,0],"6":[0,0],"7":[0,0],"8":[0,0],"9":[0,0],"10":[0,0]},"_coverageSchema":"332fd63041d2c1bcb487cc26dd0d5f7d97098a6c","hash":"fe3263cd8dd4d995873ed6fb6140842bfb9ff0dc"}
,"D:\\Git_Repositories\\CapStoneProject_Devops\\src\\components\\SearchBar.js": {"path":"D:\\Git_Repositories\\CapStoneProject_Devops\\src\\components\\SearchBar.js","statementMap":{"0":{"start":{"line":6,"column":2},"end":{"line":6,"column":58}},"1":{"start":{"line":9,"column":2},"end":{"line":24,"column":4}}},"fnMap":{"0":{"name":"(anonymous_0)","decl":{"start":{"line":5,"column":1},"end":{"line":5,"column":2}},"loc":{"start":{"line":5,"column":16},"end":{"line":7,"column":2}},"line":5},"1":{"name":"(anonymous_1)","decl":{"start":{"line":8,"column":1},"end":{"line":8,"column":2}},"loc":{"start":{"line":8,"column":10},"end":{"line":25,"column":2}},"line":8}},"branchMap":{"0":{"loc":{"start":{"line":17,"column":14},"end":{"line":17,"column":41}},"type":"binary-expr","locations":[{"start":{"line":17,"column":14},"end":{"line":17,"column":35}},{"start":{"line":17,"column":39},"end":{"line":17,"column":41}}],"line":17}},"s":{"0":0,"1":1},"f":{"0":0,"1":1},"b":{"0":[1,1]},"_coverageSchema":"332fd63041d2c1bcb487cc26dd0d5f7d97098a6c","hash":"783cb1579ea5dfeecd426ad41c7f406d2ae275d0"}
,"D:\\Git_Repositories\\CapStoneProject_Devops\\src\\components\\SegmentComponent.js": {"path":"D:\\Git_Repositories\\CapStoneProject_Devops\\src\\components\\SegmentComponent.js","statementMap":{"0":{"start":{"line":4,"column":25},"end":{"line":14,"column":1}},"1":{"start":{"line":5,"column":4},"end":{"line":13,"column":5}}},"fnMap":{"0":{"name":"(anonymous_0)","decl":{"start":{"line":4,"column":25},"end":{"line":4,"column":26}},"loc":{"start":{"line":4,"column":36},"end":{"line":14,"column":1}},"line":4}},"branchMap":{},"s":{"0":6,"1":1},"f":{"0":1},"b":{},"_coverageSchema":"332fd63041d2c1bcb487cc26dd0d5f7d97098a6c","hash":"badf376ba2ad9c7618b7408e09346b920cfa28c6"}
,"D:\\Git_Repositories\\CapStoneProject_Devops\\src\\components\\ViewCourse_card.js": {"path":"D:\\Git_Repositories\\CapStoneProject_Devops\\src\\components\\ViewCourse_card.js","statementMap":{"0":{"start":{"line":1,"column":13},"end":{"line":1,"column":75}},"1":{"start":{"line":1,"column":94},"end":{"line":1,"column":177}},"2":{"start":{"line":1,"column":191},"end":{"line":1,"column":207}},"3":{"start":{"line":1,"column":222},"end":{"line":1,"column":252}},"4":{"start":{"line":2,"column":18},"end":{"line":2,"column":53}},"5":{"start":{"line":2,"column":73},"end":{"line":2,"column":108}},"6":{"start":{"line":3,"column":20},"end":{"line":3,"column":57}},"7":{"start":{"line":3,"column":79},"end":{"line":3,"column":116}},"8":{"start":{"line":4,"column":17},"end":{"line":4,"column":51}},"9":{"start":{"line":4,"column":70},"end":{"line":4,"column":104}},"10":{"start":{"line":5,"column":20},"end":{"line":5,"column":57}},"11":{"start":{"line":5,"column":79},"end":{"line":5,"column":116}},"12":{"start":{"line":5,"column":155},"end":{"line":5,"column":209}},"13":{"start":{"line":9,"column":2},"end":{"line":63,"column":435}},"14":{"start":{"line":70,"column":3},"end":{"line":70,"column":37}}},"fnMap":{"0":{"name":"_interopRequireDefault","decl":{"start":{"line":5,"column":126},"end":{"line":5,"column":148}},"loc":{"start":{"line":5,"column":154},"end":{"line":5,"column":210}},"line":5},"1":{"name":"(anonymous_1)","decl":{"start":{"line":8,"column":1},"end":{"line":8,"column":2}},"loc":{"start":{"line":8,"column":10},"end":{"line":70,"column":2}},"line":8}},"branchMap":{"0":{"loc":{"start":{"line":5,"column":162},"end":{"line":5,"column":208}},"type":"cond-expr","locations":[{"start":{"line":5,"column":186},"end":{"line":5,"column":189}},{"start":{"line":5,"column":192},"end":{"line":5,"column":208}}],"line":5},"1":{"loc":{"start":{"line":5,"column":162},"end":{"line":5,"column":183}},"type":"binary-expr","locations":[{"start":{"line":5,"column":162},"end":{"line":5,"column":165}},{"start":{"line":5,"column":169},"end":{"line":5,"column":183}}],"line":5}},"s":{"0":0,"1":0,"2":0,"3":0,"4":0,"5":0,"6":0,"7":0,"8":0,"9":0,"10":0,"11":0,"12":0,"13":0,"14":0},"f":{"0":0,"1":0},"b":{"0":[0,0],"1":[0,0]}}
,"D:\\Git_Repositories\\CapStoneProject_Devops\\src\\components\\about.js": {"path":"D:\\Git_Repositories\\CapStoneProject_Devops\\src\\components\\about.js","statementMap":{"0":{"start":{"line":5,"column":14},"end":{"line":10,"column":1}},"1":{"start":{"line":6,"column":1},"end":{"line":9,"column":7}}},"fnMap":{"0":{"name":"(anonymous_0)","decl":{"start":{"line":5,"column":14},"end":{"line":5,"column":15}},"loc":{"start":{"line":6,"column":1},"end":{"line":9,"column":7}},"line":6}},"branchMap":{},"s":{"0":1,"1":0},"f":{"0":0},"b":{},"_coverageSchema":"332fd63041d2c1bcb487cc26dd0d5f7d97098a6c","hash":"7a487731742103263319209521758322f05ca354"}
,"D:\\Git_Repositories\\CapStoneProject_Devops\\src\\components\\add_course.js": {"path":"D:\\Git_Repositories\\CapStoneProject_Devops\\src\\components\\add_course.js","statementMap":{"0":{"start":{"line":8,"column":18},"end":{"line":13,"column":1}},"1":{"start":{"line":9,"column":1},"end":{"line":12,"column":7}}},"fnMap":{"0":{"name":"(anonymous_0)","decl":{"start":{"line":8,"column":18},"end":{"line":8,"column":19}},"loc":{"start":{"line":9,"column":1},"end":{"line":12,"column":7}},"line":9}},"branchMap":{},"s":{"0":2,"1":0},"f":{"0":0},"b":{},"_coverageSchema":"332fd63041d2c1bcb487cc26dd0d5f7d97098a6c","hash":"1537cf6608c26a104bd65eceaa0856e8f887dc98"}
,"D:\\Git_Repositories\\CapStoneProject_Devops\\src\\components\\delete_course.js": {"path":"D:\\Git_Repositories\\CapStoneProject_Devops\\src\\components\\delete_course.js","statementMap":{"0":{"start":{"line":8,"column":21},"end":{"line":13,"column":1}},"1":{"start":{"line":9,"column":1},"end":{"line":12,"column":7}}},"fnMap":{"0":{"name":"(anonymous_0)","decl":{"start":{"line":8,"column":21},"end":{"line":8,"column":22}},"loc":{"start":{"line":9,"column":1},"end":{"line":12,"column":7}},"line":9}},"branchMap":{},"s":{"0":2,"1":0},"f":{"0":0},"b":{},"_coverageSchema":"332fd63041d2c1bcb487cc26dd0d5f7d97098a6c","hash":"faa2a0471cc8bc30111eb69fc4f9d868c701c9f8"}
,"D:\\Git_Repositories\\CapStoneProject_Devops\\src\\components\\home.js": {"path":"D:\\Git_Repositories\\CapStoneProject_Devops\\src\\components\\home.js","statementMap":{"0":{"start":{"line":7,"column":13},"end":{"line":15,"column":1}},"1":{"start":{"line":8,"column":1},"end":{"line":14,"column":7}}},"fnMap":{"0":{"name":"(anonymous_0)","decl":{"start":{"line":7,"column":13},"end":{"line":7,"column":14}},"loc":{"start":{"line":8,"column":1},"end":{"line":14,"column":7}},"line":8}},"branchMap":{},"s":{"0":2,"1":1},"f":{"0":1},"b":{},"_coverageSchema":"332fd63041d2c1bcb487cc26dd0d5f7d97098a6c","hash":"aab453b4f0e5d1f9b7f3619ec94cd33ba30338c6"}
,"D:\\Git_Repositories\\CapStoneProject_Devops\\src\\components\\loginorsignup.js": {"path":"D:\\Git_Repositories\\CapStoneProject_Devops\\src\\components\\loginorsignup.js","statementMap":{"0":{"start":{"line":6,"column":22},"end":{"line":34,"column":1}},"1":{"start":{"line":7,"column":1},"end":{"line":33,"column":11}}},"fnMap":{"0":{"name":"(anonymous_0)","decl":{"start":{"line":6,"column":22},"end":{"line":6,"column":23}},"loc":{"start":{"line":7,"column":1},"end":{"line":33,"column":11}},"line":7}},"branchMap":{},"s":{"0":2,"1":0},"f":{"0":0},"b":{},"_coverageSchema":"332fd63041d2c1bcb487cc26dd0d5f7d97098a6c","hash":"eb578a06d8bfb53c02b2bd25a996447c140f435f"}
,"D:\\Git_Repositories\\CapStoneProject_Devops\\src\\components\\update_course.js": {"path":"D:\\Git_Repositories\\CapStoneProject_Devops\\src\\components\\update_course.js","statementMap":{"0":{"start":{"line":9,"column":2},"end":{"line":14,"column":4}}},"fnMap":{"0":{"name":"(anonymous_0)","decl":{"start":{"line":8,"column":1},"end":{"line":8,"column":2}},"loc":{"start":{"line":8,"column":10},"end":{"line":14,"column":5}},"line":8}},"branchMap":{},"s":{"0":0},"f":{"0":0},"b":{},"_coverageSchema":"332fd63041d2c1bcb487cc26dd0d5f7d97098a6c","hash":"ccba284c94c17189db82a4dc12e27ac2e63597f7"}
,"D:\\Git_Repositories\\CapStoneProject_Devops\\src\\components\\user_home.js": {"path":"D:\\Git_Repositories\\CapStoneProject_Devops\\src\\components\\user_home.js","statementMap":{"0":{"start":{"line":8,"column":2},"end":{"line":8,"column":31}},"1":{"start":{"line":11,"column":2},"end":{"line":55,"column":4}}},"fnMap":{"0":{"name":"(anonymous_0)","decl":{"start":{"line":7,"column":1},"end":{"line":7,"column":2}},"loc":{"start":{"line":7,"column":15},"end":{"line":9,"column":2}},"line":7},"1":{"name":"(anonymous_1)","decl":{"start":{"line":10,"column":1},"end":{"line":10,"column":2}},"loc":{"start":{"line":10,"column":10},"end":{"line":56,"column":2}},"line":10}},"branchMap":{},"s":{"0":0,"1":0},"f":{"0":0,"1":0},"b":{},"_coverageSchema":"332fd63041d2c1bcb487cc26dd0d5f7d97098a6c","hash":"891eacc2e6f7938a922652a169960e81b6aaa167"}
,"D:\\Git_Repositories\\CapStoneProject_Devops\\src\\components\\user_login.js": {"path":"D:\\Git_Repositories\\CapStoneProject_Devops\\src\\components\\user_login.js","statementMap":{"0":{"start":{"line":6,"column":19},"end":{"line":6,"column":26}},"1":{"start":{"line":10,"column":2},"end":{"line":10,"column":15}},"2":{"start":{"line":11,"column":2},"end":{"line":16,"column":4}},"3":{"start":{"line":19,"column":2},"end":{"line":19,"column":52}},"4":{"start":{"line":20,"column":2},"end":{"line":20,"column":39}},"5":{"start":{"line":24,"column":2},"end":{"line":26,"column":5}},"6":{"start":{"line":31,"column":2},"end":{"line":33,"column":5}},"7":{"start":{"line":37,"column":37},"end":{"line":37,"column":47}},"8":{"start":{"line":38,"column":2},"end":{"line":57,"column":3}},"9":{"start":{"line":40,"column":3},"end":{"line":56,"column":4}},"10":{"start":{"line":41,"column":4},"end":{"line":41,"column":42}},"11":{"start":{"line":42,"column":4},"end":{"line":44,"column":7}},"12":{"start":{"line":48,"column":4},"end":{"line":48,"column":43}},"13":{"start":{"line":49,"column":4},"end":{"line":53,"column":7}},"14":{"start":{"line":54,"column":4},"end":{"line":54,"column":70}},"15":{"start":{"line":62,"column":2},"end":{"line":65,"column":5}},"16":{"start":{"line":66,"column":2},"end":{"line":66,"column":48}},"17":{"start":{"line":70,"column":2},"end":{"line":123,"column":4}}},"fnMap":{"0":{"name":"(anonymous_0)","decl":{"start":{"line":9,"column":1},"end":{"line":9,"column":2}},"loc":{"start":{"line":9,"column":20},"end":{"line":17,"column":2}},"line":9},"1":{"name":"(anonymous_1)","decl":{"start":{"line":18,"column":1},"end":{"line":18,"column":2}},"loc":{"start":{"line":18,"column":20},"end":{"line":22,"column":2}},"line":18},"2":{"name":"(anonymous_2)","decl":{"start":{"line":23,"column":1},"end":{"line":23,"column":2}},"loc":{"start":{"line":23,"column":26},"end":{"line":27,"column":2}},"line":23},"3":{"name":"(anonymous_3)","decl":{"start":{"line":29,"column":1},"end":{"line":29,"column":2}},"loc":{"start":{"line":29,"column":32},"end":{"line":34,"column":2}},"line":29},"4":{"name":"(anonymous_4)","decl":{"start":{"line":36,"column":1},"end":{"line":36,"column":2}},"loc":{"start":{"line":36,"column":25},"end":{"line":59,"column":2}},"line":36},"5":{"name":"(anonymous_5)","decl":{"start":{"line":61,"column":1},"end":{"line":61,"column":2}},"loc":{"start":{"line":61,"column":19},"end":{"line":67,"column":2}},"line":61},"6":{"name":"(anonymous_6)","decl":{"start":{"line":69,"column":1},"end":{"line":69,"column":2}},"loc":{"start":{"line":69,"column":10},"end":{"line":124,"column":2}},"line":69}},"branchMap":{"0":{"loc":{"start":{"line":40,"column":3},"end":{"line":56,"column":4}},"type":"if","locations":[{"start":{"line":40,"column":3},"end":{"line":56,"column":4}},{"start":{"line":40,"column":3},"end":{"line":56,"column":4}}],"line":40},"1":{"loc":{"start":{"line":40,"column":7},"end":{"line":40,"column":65}},"type":"binary-expr","locations":[{"start":{"line":40,"column":7},"end":{"line":40,"column":31}},{"start":{"line":40,"column":35},"end":{"line":40,"column":65}}],"line":40}},"s":{"0":2,"1":0,"2":0,"3":0,"4":0,"5":0,"6":0,"7":0,"8":0,"9":0,"10":0,"11":0,"12":0,"13":0,"14":0,"15":0,"16":0,"17":0},"f":{"0":0,"1":0,"2":0,"3":0,"4":0,"5":0,"6":0},"b":{"0":[0,0],"1":[0,0]},"_coverageSchema":"332fd63041d2c1bcb487cc26dd0d5f7d97098a6c","hash":"03634223471ab36d1d37a1000cac4c7d88543f32"}
,"D:\\Git_Repositories\\CapStoneProject_Devops\\src\\components\\user_signup.js": {"path":"D:\\Git_Repositories\\CapStoneProject_Devops\\src\\components\\user_signup.js","statementMap":{"0":{"start":{"line":8,"column":19},"end":{"line":8,"column":26}},"1":{"start":{"line":12,"column":2},"end":{"line":12,"column":15}},"2":{"start":{"line":13,"column":2},"end":{"line":20,"column":4}},"3":{"start":{"line":26,"column":2},"end":{"line":28,"column":5}},"4":{"start":{"line":33,"column":2},"end":{"line":35,"column":5}},"5":{"start":{"line":40,"column":2},"end":{"line":42,"column":5}},"6":{"start":{"line":47,"column":2},"end":{"line":49,"column":5}},"7":{"start":{"line":54,"column":2},"end":{"line":56,"column":5}},"8":{"start":{"line":62,"column":2},"end":{"line":77,"column":3}},"9":{"start":{"line":63,"column":3},"end":{"line":63,"column":56}},"10":{"start":{"line":66,"column":3},"end":{"line":66,"column":180}},"11":{"start":{"line":67,"column":14},"end":{"line":73,"column":5}},"12":{"start":{"line":74,"column":3},"end":{"line":74,"column":31}},"13":{"start":{"line":75,"column":3},"end":{"line":75,"column":45}},"14":{"start":{"line":76,"column":3},"end":{"line":76,"column":42}},"15":{"start":{"line":89,"column":2},"end":{"line":89,"column":30}},"16":{"start":{"line":90,"column":2},"end":{"line":90,"column":52}},"17":{"start":{"line":93,"column":2},"end":{"line":182,"column":4}}},"fnMap":{"0":{"name":"(anonymous_0)","decl":{"start":{"line":11,"column":1},"end":{"line":11,"column":2}},"loc":{"start":{"line":11,"column":20},"end":{"line":21,"column":2}},"line":11},"1":{"name":"(anonymous_1)","decl":{"start":{"line":25,"column":1},"end":{"line":25,"column":2}},"loc":{"start":{"line":25,"column":34},"end":{"line":30,"column":2}},"line":25},"2":{"name":"(anonymous_2)","decl":{"start":{"line":32,"column":1},"end":{"line":32,"column":2}},"loc":{"start":{"line":32,"column":32},"end":{"line":37,"column":2}},"line":32},"3":{"name":"(anonymous_3)","decl":{"start":{"line":39,"column":1},"end":{"line":39,"column":2}},"loc":{"start":{"line":39,"column":32},"end":{"line":44,"column":2}},"line":39},"4":{"name":"(anonymous_4)","decl":{"start":{"line":46,"column":1},"end":{"line":46,"column":2}},"loc":{"start":{"line":46,"column":46},"end":{"line":51,"column":2}},"line":46},"5":{"name":"(anonymous_5)","decl":{"start":{"line":53,"column":1},"end":{"line":53,"column":2}},"loc":{"start":{"line":53,"column":26},"end":{"line":58,"column":2}},"line":53},"6":{"name":"(anonymous_6)","decl":{"start":{"line":60,"column":1},"end":{"line":60,"column":2}},"loc":{"start":{"line":60,"column":16},"end":{"line":78,"column":2}},"line":60},"7":{"name":"(anonymous_7)","decl":{"start":{"line":80,"column":1},"end":{"line":80,"column":2}},"loc":{"start":{"line":80,"column":19},"end":{"line":91,"column":2}},"line":80},"8":{"name":"(anonymous_8)","decl":{"start":{"line":92,"column":1},"end":{"line":92,"column":2}},"loc":{"start":{"line":92,"column":10},"end":{"line":182,"column":5}},"line":92}},"branchMap":{"0":{"loc":{"start":{"line":62,"column":2},"end":{"line":77,"column":3}},"type":"if","locations":[{"start":{"line":62,"column":2},"end":{"line":77,"column":3}},{"start":{"line":62,"column":2},"end":{"line":77,"column":3}}],"line":62}},"s":{"0":2,"1":0,"2":0,"3":0,"4":0,"5":0,"6":0,"7":0,"8":0,"9":0,"10":0,"11":0,"12":0,"13":0,"14":0,"15":0,"16":0,"17":0},"f":{"0":0,"1":0,"2":0,"3":0,"4":0,"5":0,"6":0,"7":0,"8":0},"b":{"0":[0,0]},"_coverageSchema":"332fd63041d2c1bcb487cc26dd0d5f7d97098a6c","hash":"9a05d7f13f6cd62295df1cdbc1097de34aabcea7"}
,"D:\\Git_Repositories\\CapStoneProject_Devops\\src\\components\\view_courses.js": {"path":"D:\\Git_Repositories\\CapStoneProject_Devops\\src\\components\\view_courses.js","statementMap":{"0":{"start":{"line":5,"column":19},"end":{"line":10,"column":1}},"1":{"start":{"line":6,"column":1},"end":{"line":9,"column":7}}},"fnMap":{"0":{"name":"(anonymous_0)","decl":{"start":{"line":5,"column":19},"end":{"line":5,"column":20}},"loc":{"start":{"line":6,"column":1},"end":{"line":9,"column":7}},"line":6}},"branchMap":{},"s":{"0":2,"1":0},"f":{"0":0},"b":{},"_coverageSchema":"332fd63041d2c1bcb487cc26dd0d5f7d97098a6c","hash":"8350ae75317b673c336097c5ce9800502f077a21"}
}
