TN:
SF:D:\Git_Repositories\CapStoneProject_Devops\src\App.js
FN:25,(anonymous_0)
FNF:1
FNH:1
FNDA:1,(anonymous_0)
DA:26,1
LF:1
LH:1
BRF:0
BRH:0
end_of_record
TN:
SF:D:\Git_Repositories\CapStoneProject_Devops\src\index.js
FN:5,_interopRequireDefault
FNF:1
FNH:0
FNDA:0,_interopRequireDefault
DA:1,0
DA:2,0
DA:3,0
DA:4,0
DA:5,0
DA:9,0
LF:6
LH:0
BRDA:5,0,0,0
BRDA:5,0,1,0
BRDA:5,1,0,0
BRDA:5,1,1,0
BRF:4
BRH:0
end_of_record
TN:
SF:D:\Git_Repositories\CapStoneProject_Devops\src\components\CoursesRow.js
FN:6,(anonymous_0)
FN:9,(anonymous_1)
FN:49,(anonymous_2)
FN:52,(anonymous_3)
FN:107,(anonymous_4)
FN:110,(anonymous_5)
FN:153,(anonymous_6)
FN:156,(anonymous_7)
FNF:8
FNH:0
FNDA:0,(anonymous_0)
FNDA:0,(anonymous_1)
FNDA:0,(anonymous_2)
FNDA:0,(anonymous_3)
FNDA:0,(anonymous_4)
FNDA:0,(anonymous_5)
FNDA:0,(anonymous_6)
FNDA:0,(anonymous_7)
DA:5,8
DA:7,0
DA:10,0
DA:48,8
DA:50,0
DA:53,0
DA:106,8
DA:108,0
DA:111,0
DA:152,8
DA:154,0
DA:157,0
LF:12
LH:4
BRF:0
BRH:0
end_of_record
TN:
SF:D:\Git_Repositories\CapStoneProject_Devops\src\components\CoursesTable.js
FN:7,(anonymous_0)
FN:11,(anonymous_1)
FN:64,(anonymous_2)
FN:69,(anonymous_3)
FN:104,(anonymous_4)
FN:112,(anonymous_5)
FN:116,(anonymous_6)
FN:148,(anonymous_7)
FN:153,(anonymous_8)
FNF:9
FNH:0
FNDA:0,(anonymous_0)
FNDA:0,(anonymous_1)
FNDA:0,(anonymous_2)
FNDA:0,(anonymous_3)
FNDA:0,(anonymous_4)
FNDA:0,(anonymous_5)
FNDA:0,(anonymous_6)
FNDA:0,(anonymous_7)
FNDA:0,(anonymous_8)
DA:5,7
DA:8,0
DA:10,0
DA:11,0
DA:12,0
DA:13,0
DA:15,0
DA:23,0
DA:62,7
DA:65,0
DA:66,0
DA:67,0
DA:68,0
DA:69,0
DA:70,0
DA:71,0
DA:73,0
DA:83,0
DA:103,7
DA:105,0
DA:107,0
DA:113,0
DA:115,0
DA:116,0
DA:117,0
DA:118,0
DA:120,0
DA:122,0
DA:146,7
DA:149,0
DA:150,0
DA:151,0
DA:152,0
DA:153,0
DA:154,0
DA:155,0
DA:157,0
DA:167,0
LF:38
LH:4
BRDA:12,0,0,0
BRDA:12,0,1,0
BRDA:70,1,0,0
BRDA:70,1,1,0
BRDA:96,2,0,0
BRDA:96,2,1,0
BRDA:117,3,0,0
BRDA:117,3,1,0
BRDA:138,4,0,0
BRDA:138,4,1,0
BRDA:154,5,0,0
BRDA:154,5,1,0
BRDA:179,6,0,0
BRDA:179,6,1,0
BRF:14
BRH:0
end_of_record
TN:
SF:D:\Git_Repositories\CapStoneProject_Devops\src\components\EditableCell.js
FN:5,(anonymous_0)
FN:27,(anonymous_1)
FN:39,(anonymous_2)
FN:63,(anonymous_3)
FNF:4
FNH:0
FNDA:0,(anonymous_0)
FNDA:0,(anonymous_1)
FNDA:0,(anonymous_2)
FNDA:0,(anonymous_3)
DA:4,9
DA:6,0
DA:26,9
DA:28,0
DA:38,9
DA:40,0
DA:62,9
DA:64,0
LF:8
LH:4
BRF:0
BRH:0
end_of_record
TN:
SF:D:\Git_Repositories\CapStoneProject_Devops\src\components\ManageCourses.js
FN:9,(anonymous_0)
FN:15,(anonymous_1)
FN:19,(anonymous_2)
FN:24,(anonymous_3)
FN:30,(anonymous_4)
FN:43,(anonymous_5)
FN:63,(anonymous_6)
FN:70,(anonymous_7)
FN:82,(anonymous_8)
FN:102,(anonymous_9)
FN:110,(anonymous_10)
FN:113,(anonymous_11)
FN:118,(anonymous_12)
FN:125,(anonymous_13)
FN:132,(anonymous_14)
FN:144,(anonymous_15)
FN:163,(anonymous_16)
FN:169,(anonymous_17)
FN:172,(anonymous_18)
FN:177,(anonymous_19)
FN:182,(anonymous_20)
FN:189,(anonymous_21)
FN:199,(anonymous_22)
FN:203,(anonymous_23)
FN:222,(anonymous_24)
FN:230,(anonymous_25)
FN:233,(anonymous_26)
FN:238,(anonymous_27)
FN:245,(anonymous_28)
FN:252,(anonymous_29)
FN:264,(anonymous_30)
FNF:31
FNH:0
FNDA:0,(anonymous_0)
FNDA:0,(anonymous_1)
FNDA:0,(anonymous_2)
FNDA:0,(anonymous_3)
FNDA:0,(anonymous_4)
FNDA:0,(anonymous_5)
FNDA:0,(anonymous_6)
FNDA:0,(anonymous_7)
FNDA:0,(anonymous_8)
FNDA:0,(anonymous_9)
FNDA:0,(anonymous_10)
FNDA:0,(anonymous_11)
FNDA:0,(anonymous_12)
FNDA:0,(anonymous_13)
FNDA:0,(anonymous_14)
FNDA:0,(anonymous_15)
FNDA:0,(anonymous_16)
FNDA:0,(anonymous_17)
FNDA:0,(anonymous_18)
FNDA:0,(anonymous_19)
FNDA:0,(anonymous_20)
FNDA:0,(anonymous_21)
FNDA:0,(anonymous_22)
FNDA:0,(anonymous_23)
FNDA:0,(anonymous_24)
FNDA:0,(anonymous_25)
FNDA:0,(anonymous_26)
FNDA:0,(anonymous_27)
FNDA:0,(anonymous_28)
FNDA:0,(anonymous_29)
FNDA:0,(anonymous_30)
DA:6,6
DA:8,6
DA:10,0
DA:11,0
DA:12,0
DA:13,0
DA:17,0
DA:20,0
DA:25,0
DA:26,0
DA:27,0
DA:31,0
DA:32,0
DA:39,0
DA:40,0
DA:44,0
DA:45,0
DA:49,0
DA:50,0
DA:51,0
DA:54,0
DA:55,0
DA:58,0
DA:59,0
DA:60,0
DA:64,0
DA:69,0
DA:70,0
DA:71,0
DA:72,0
DA:73,0
DA:76,0
DA:78,0
DA:83,0
DA:101,6
DA:103,0
DA:104,0
DA:107,0
DA:108,0
DA:111,0
DA:114,0
DA:119,0
DA:120,0
DA:121,0
DA:122,0
DA:123,0
DA:126,0
DA:131,0
DA:132,0
DA:133,0
DA:134,0
DA:135,0
DA:138,0
DA:140,0
DA:145,0
DA:162,6
DA:164,0
DA:165,0
DA:166,0
DA:167,0
DA:170,0
DA:173,0
DA:178,0
DA:179,0
DA:180,0
DA:183,0
DA:188,0
DA:189,0
DA:190,0
DA:191,0
DA:192,0
DA:195,0
DA:197,0
DA:200,0
DA:201,0
DA:204,0
DA:221,6
DA:223,0
DA:224,0
DA:227,0
DA:228,0
DA:231,0
DA:234,0
DA:239,0
DA:240,0
DA:241,0
DA:242,0
DA:243,0
DA:246,0
DA:251,0
DA:252,0
DA:253,0
DA:254,0
DA:255,0
DA:258,0
DA:260,0
DA:265,0
LF:97
LH:5
BRDA:50,0,0,0
BRDA:50,0,1,0
BRDA:50,1,0,0
BRDA:50,1,1,0
BRDA:50,1,2,0
BRDA:50,1,3,0
BRDA:50,1,4,0
BRDA:54,2,0,0
BRDA:54,2,1,0
BRDA:72,3,0,0
BRDA:72,3,1,0
BRDA:72,4,0,0
BRDA:72,4,1,0
BRDA:134,5,0,0
BRDA:134,5,1,0
BRDA:134,6,0,0
BRDA:134,6,1,0
BRDA:191,7,0,0
BRDA:191,7,1,0
BRDA:191,8,0,0
BRDA:191,8,1,0
BRDA:254,9,0,0
BRDA:254,9,1,0
BRDA:254,10,0,0
BRDA:254,10,1,0
BRF:25
BRH:0
end_of_record
TN:
SF:D:\Git_Repositories\CapStoneProject_Devops\src\components\SearchBar.js
FN:5,(anonymous_0)
FN:8,(anonymous_1)
FNF:2
FNH:1
FNDA:0,(anonymous_0)
FNDA:1,(anonymous_1)
DA:6,0
DA:9,1
LF:2
LH:1
BRDA:17,0,0,1
BRDA:17,0,1,1
BRF:2
BRH:2
end_of_record
TN:
SF:D:\Git_Repositories\CapStoneProject_Devops\src\components\SegmentComponent.js
FN:4,(anonymous_0)
FNF:1
FNH:1
FNDA:1,(anonymous_0)
DA:4,6
DA:5,1
LF:2
LH:2
BRF:0
BRH:0
end_of_record
TN:
SF:D:\Git_Repositories\CapStoneProject_Devops\src\components\ViewCourse_card.js
FN:5,_interopRequireDefault
FN:8,(anonymous_1)
FNF:2
FNH:0
FNDA:0,_interopRequireDefault
FNDA:0,(anonymous_1)
DA:1,0
DA:2,0
DA:3,0
DA:4,0
DA:5,0
DA:9,0
DA:70,0
LF:7
LH:0
BRDA:5,0,0,0
BRDA:5,0,1,0
BRDA:5,1,0,0
BRDA:5,1,1,0
BRF:4
BRH:0
end_of_record
TN:
SF:D:\Git_Repositories\CapStoneProject_Devops\src\components\about.js
FN:5,(anonymous_0)
FNF:1
FNH:0
FNDA:0,(anonymous_0)
DA:5,1
DA:6,0
LF:2
LH:1
BRF:0
BRH:0
end_of_record
TN:
SF:D:\Git_Repositories\CapStoneProject_Devops\src\components\add_course.js
FN:8,(anonymous_0)
FNF:1
FNH:0
FNDA:0,(anonymous_0)
DA:8,2
DA:9,0
LF:2
LH:1
BRF:0
BRH:0
end_of_record
TN:
SF:D:\Git_Repositories\CapStoneProject_Devops\src\components\delete_course.js
FN:8,(anonymous_0)
FNF:1
FNH:0
FNDA:0,(anonymous_0)
DA:8,2
DA:9,0
LF:2
LH:1
BRF:0
BRH:0
end_of_record
TN:
SF:D:\Git_Repositories\CapStoneProject_Devops\src\components\home.js
FN:7,(anonymous_0)
FNF:1
FNH:1
FNDA:1,(anonymous_0)
DA:7,2
DA:8,1
LF:2
LH:2
BRF:0
BRH:0
end_of_record
TN:
SF:D:\Git_Repositories\CapStoneProject_Devops\src\components\loginorsignup.js
FN:6,(anonymous_0)
FNF:1
FNH:0
FNDA:0,(anonymous_0)
DA:6,2
DA:7,0
LF:2
LH:1
BRF:0
BRH:0
end_of_record
TN:
SF:D:\Git_Repositories\CapStoneProject_Devops\src\components\update_course.js
FN:8,(anonymous_0)
FNF:1
FNH:0
FNDA:0,(anonymous_0)
DA:9,0
LF:1
LH:0
BRF:0
BRH:0
end_of_record
TN:
SF:D:\Git_Repositories\CapStoneProject_Devops\src\components\user_home.js
FN:7,(anonymous_0)
FN:10,(anonymous_1)
FNF:2
FNH:0
FNDA:0,(anonymous_0)
FNDA:0,(anonymous_1)
DA:8,0
DA:11,0
LF:2
LH:0
BRF:0
BRH:0
end_of_record
TN:
SF:D:\Git_Repositories\CapStoneProject_Devops\src\components\user_login.js
FN:9,(anonymous_0)
FN:18,(anonymous_1)
FN:23,(anonymous_2)
FN:29,(anonymous_3)
FN:36,(anonymous_4)
FN:61,(anonymous_5)
FN:69,(anonymous_6)
FNF:7
FNH:0
FNDA:0,(anonymous_0)
FNDA:0,(anonymous_1)
FNDA:0,(anonymous_2)
FNDA:0,(anonymous_3)
FNDA:0,(anonymous_4)
FNDA:0,(anonymous_5)
FNDA:0,(anonymous_6)
DA:6,2
DA:10,0
DA:11,0
DA:19,0
DA:20,0
DA:24,0
DA:31,0
DA:37,0
DA:38,0
DA:40,0
DA:41,0
DA:42,0
DA:48,0
DA:49,0
DA:54,0
DA:62,0
DA:66,0
DA:70,0
LF:18
LH:1
BRDA:40,0,0,0
BRDA:40,0,1,0
BRDA:40,1,0,0
BRDA:40,1,1,0
BRF:4
BRH:0
end_of_record
TN:
SF:D:\Git_Repositories\CapStoneProject_Devops\src\components\user_signup.js
FN:11,(anonymous_0)
FN:25,(anonymous_1)
FN:32,(anonymous_2)
FN:39,(anonymous_3)
FN:46,(anonymous_4)
FN:53,(anonymous_5)
FN:60,(anonymous_6)
FN:80,(anonymous_7)
FN:92,(anonymous_8)
FNF:9
FNH:0
FNDA:0,(anonymous_0)
FNDA:0,(anonymous_1)
FNDA:0,(anonymous_2)
FNDA:0,(anonymous_3)
FNDA:0,(anonymous_4)
FNDA:0,(anonymous_5)
FNDA:0,(anonymous_6)
FNDA:0,(anonymous_7)
FNDA:0,(anonymous_8)
DA:8,2
DA:12,0
DA:13,0
DA:26,0
DA:33,0
DA:40,0
DA:47,0
DA:54,0
DA:62,0
DA:63,0
DA:66,0
DA:67,0
DA:74,0
DA:75,0
DA:76,0
DA:89,0
DA:90,0
DA:93,0
LF:18
LH:1
BRDA:62,0,0,0
BRDA:62,0,1,0
BRF:2
BRH:0
end_of_record
TN:
SF:D:\Git_Repositories\CapStoneProject_Devops\src\components\view_courses.js
FN:5,(anonymous_0)
FNF:1
FNH:0
FNDA:0,(anonymous_0)
DA:5,2
DA:6,0
LF:2
LH:1
BRF:0
BRH:0
end_of_record
